

Started GET "/assets/rails.png" for 127.0.0.1 at 2012-11-03 11:31:37 -0700
Connecting to database specified by database.yml
Served asset /rails.png - 304 Not Modified (9ms)
Connecting to database specified by database.yml
Connecting to database specified by database.yml
  [1m[36m (0.2ms)[0m  [1mselect sqlite_version(*)[0m
  [1m[35m (3.0ms)[0m  CREATE TABLE "schema_migrations" ("version" varchar(255) NOT NULL) 
  [1m[36m (0.1ms)[0m  [1mPRAGMA index_list("schema_migrations")[0m
  [1m[35m (2.9ms)[0m  CREATE UNIQUE INDEX "unique_schema_migrations" ON "schema_migrations" ("version")
  [1m[36m (0.1ms)[0m  [1mSELECT "schema_migrations"."version" FROM "schema_migrations" [0m
Migrating to CreateTopics (20121103191019)
  [1m[35m (0.1ms)[0m  begin transaction
  [1m[36m (0.5ms)[0m  [1mCREATE TABLE "topics" ("id" INTEGER PRIMARY KEY AUTOINCREMENT NOT NULL, "title" varchar(255), "description" text, "created_at" datetime NOT NULL, "updated_at" datetime NOT NULL) [0m
  [1m[35m (0.2ms)[0m  INSERT INTO "schema_migrations" ("version") VALUES ('20121103191019')
  [1m[36m (2.1ms)[0m  [1mcommit transaction[0m
  [1m[35m (0.4ms)[0m  select sqlite_version(*)
  [1m[36m (0.1ms)[0m  [1mSELECT "schema_migrations"."version" FROM "schema_migrations" [0m
  [1m[35m (0.0ms)[0m  PRAGMA index_list("topics")


Started GET "/assets/rails.png" for 127.0.0.1 at 2012-11-03 12:34:31 -0700
Connecting to database specified by database.yml
Served asset /rails.png - 304 Not Modified (3ms)


Started GET "/topics" for 127.0.0.1 at 2012-11-03 12:34:36 -0700
Processing by TopicsController#index as HTML
  [1m[36mTopic Load (0.1ms)[0m  [1mSELECT "topics".* FROM "topics" [0m
  Rendered topics/index.html.erb within layouts/application (5.1ms)
Compiled scaffolds.css  (90ms)  (pid 30077)
Compiled topics.css  (4ms)  (pid 30077)
Compiled application.css  (142ms)  (pid 30077)
Compiled jquery.js  (50ms)  (pid 30077)
Compiled jquery_ujs.js  (0ms)  (pid 30077)
Compiled topics.js  (209ms)  (pid 30077)
Compiled application.js  (414ms)  (pid 30077)
Completed 200 OK in 747ms (Views: 676.0ms | ActiveRecord: 2.7ms)


Started GET "/assets/topics.js?body=1" for 127.0.0.1 at 2012-11-03 12:34:36 -0700
Served asset /topics.js - 200 OK (2ms)


Started GET "/assets/jquery_ujs.js?body=1" for 127.0.0.1 at 2012-11-03 12:34:36 -0700
Served asset /jquery_ujs.js - 304 Not Modified (44ms)


Started GET "/assets/jquery.js?body=1" for 127.0.0.1 at 2012-11-03 12:34:37 -0700
Served asset /jquery.js - 304 Not Modified (3ms)


Started GET "/assets/application.css?body=1" for 127.0.0.1 at 2012-11-03 12:34:37 -0700
Served asset /application.css - 304 Not Modified (7ms)


Started GET "/assets/topics.css?body=1" for 127.0.0.1 at 2012-11-03 12:34:37 -0700
Served asset /topics.css - 200 OK (2ms)


Started GET "/assets/scaffolds.css?body=1" for 127.0.0.1 at 2012-11-03 12:34:37 -0700
Served asset /scaffolds.css - 304 Not Modified (2ms)


Started GET "/assets/application.js?body=1" for 127.0.0.1 at 2012-11-03 12:34:37 -0700
Served asset /application.js - 304 Not Modified (8ms)


Started GET "/topics/new" for 127.0.0.1 at 2012-11-03 12:34:39 -0700
Processing by TopicsController#new as HTML
  Rendered topics/_form.html.erb (35.3ms)
  Rendered topics/new.html.erb within layouts/application (126.3ms)
Completed 200 OK in 144ms (Views: 134.8ms | ActiveRecord: 0.0ms)


Started GET "/assets/application.css?body=1" for 127.0.0.1 at 2012-11-03 12:34:40 -0700
Served asset /application.css - 304 Not Modified (0ms)


Started GET "/assets/scaffolds.css?body=1" for 127.0.0.1 at 2012-11-03 12:34:40 -0700
Served asset /scaffolds.css - 304 Not Modified (0ms)


Started GET "/assets/jquery_ujs.js?body=1" for 127.0.0.1 at 2012-11-03 12:34:40 -0700
Served asset /jquery_ujs.js - 304 Not Modified (0ms)


Started GET "/assets/jquery.js?body=1" for 127.0.0.1 at 2012-11-03 12:34:40 -0700
Served asset /jquery.js - 304 Not Modified (0ms)


Started GET "/assets/application.js?body=1" for 127.0.0.1 at 2012-11-03 12:34:40 -0700
Served asset /application.js - 304 Not Modified (1ms)


Started POST "/topics" for 127.0.0.1 at 2012-11-03 12:34:46 -0700
Processing by TopicsController#create as HTML
  Parameters: {"utf8"=>"✓", "authenticity_token"=>"PPAL/lfsJ8LZl8rOSA9kiITtK6Vq5ZRhzVB9UwDbQYo=", "topic"=>{"title"=>"Something", "description"=>"More text"}, "commit"=>"Create Topic"}
  [1m[35m (0.2ms)[0m  begin transaction
  [1m[36mSQL (85.1ms)[0m  [1mINSERT INTO "topics" ("created_at", "description", "title", "updated_at") VALUES (?, ?, ?, ?)[0m  [["created_at", Sat, 03 Nov 2012 19:34:46 UTC +00:00], ["description", "More text"], ["title", "Something"], ["updated_at", Sat, 03 Nov 2012 19:34:46 UTC +00:00]]
  [1m[35m (2.9ms)[0m  commit transaction
Redirected to http://0.0.0.0:3000/topics/1
Completed 302 Found in 95ms (ActiveRecord: 88.2ms)


Started GET "/topics/1" for 127.0.0.1 at 2012-11-03 12:34:46 -0700
Processing by TopicsController#show as HTML
  Parameters: {"id"=>"1"}
  [1m[36mTopic Load (0.3ms)[0m  [1mSELECT "topics".* FROM "topics" WHERE "topics"."id" = ? LIMIT 1[0m  [["id", "1"]]
  Rendered topics/show.html.erb within layouts/application (2.0ms)
Completed 200 OK in 14ms (Views: 10.2ms | ActiveRecord: 0.3ms)


Started GET "/assets/application.css?body=1" for 127.0.0.1 at 2012-11-03 12:34:46 -0700
Served asset /application.css - 304 Not Modified (0ms)


Started GET "/assets/jquery.js?body=1" for 127.0.0.1 at 2012-11-03 12:34:46 -0700
Served asset /jquery.js - 304 Not Modified (0ms)


Started GET "/assets/application.js?body=1" for 127.0.0.1 at 2012-11-03 12:34:46 -0700
Served asset /application.js - 304 Not Modified (0ms)


Started GET "/assets/jquery_ujs.js?body=1" for 127.0.0.1 at 2012-11-03 12:34:46 -0700
Served asset /jquery_ujs.js - 304 Not Modified (0ms)


Started GET "/assets/scaffolds.css?body=1" for 127.0.0.1 at 2012-11-03 12:34:46 -0700
Served asset /scaffolds.css - 304 Not Modified (0ms)


Started GET "/topics" for 127.0.0.1 at 2012-11-03 12:35:05 -0700
Processing by TopicsController#index as HTML
  [1m[35mTopic Load (0.2ms)[0m  SELECT "topics".* FROM "topics" 
  Rendered topics/index.html.erb within layouts/application (2.2ms)
Completed 200 OK in 12ms (Views: 10.8ms | ActiveRecord: 0.2ms)


Started GET "/assets/application.css?body=1" for 127.0.0.1 at 2012-11-03 12:35:05 -0700
Served asset /application.css - 304 Not Modified (0ms)


Started GET "/assets/scaffolds.css?body=1" for 127.0.0.1 at 2012-11-03 12:35:05 -0700
Served asset /scaffolds.css - 304 Not Modified (0ms)


Started GET "/assets/jquery_ujs.js?body=1" for 127.0.0.1 at 2012-11-03 12:35:05 -0700
Served asset /jquery_ujs.js - 304 Not Modified (0ms)


Started GET "/assets/jquery.js?body=1" for 127.0.0.1 at 2012-11-03 12:35:05 -0700
Served asset /jquery.js - 304 Not Modified (0ms)


Started GET "/assets/application.js?body=1" for 127.0.0.1 at 2012-11-03 12:35:05 -0700
Served asset /application.js - 304 Not Modified (0ms)


Started GET "/topics/new" for 127.0.0.1 at 2012-11-03 12:35:06 -0700
Processing by TopicsController#new as HTML
  Rendered topics/_form.html.erb (3.7ms)
  Rendered topics/new.html.erb within layouts/application (5.1ms)
Completed 200 OK in 14ms (Views: 13.1ms | ActiveRecord: 0.0ms)


Started GET "/assets/application.css?body=1" for 127.0.0.1 at 2012-11-03 12:35:06 -0700
Served asset /application.css - 304 Not Modified (0ms)


Started GET "/assets/scaffolds.css?body=1" for 127.0.0.1 at 2012-11-03 12:35:06 -0700
Served asset /scaffolds.css - 304 Not Modified (0ms)


Started GET "/assets/jquery.js?body=1" for 127.0.0.1 at 2012-11-03 12:35:06 -0700
Served asset /jquery.js - 304 Not Modified (0ms)


Started GET "/assets/application.js?body=1" for 127.0.0.1 at 2012-11-03 12:35:06 -0700
Served asset /application.js - 304 Not Modified (0ms)


Started GET "/assets/jquery_ujs.js?body=1" for 127.0.0.1 at 2012-11-03 12:35:06 -0700
Served asset /jquery_ujs.js - 304 Not Modified (0ms)


Started POST "/topics" for 127.0.0.1 at 2012-11-03 12:35:16 -0700
Processing by TopicsController#create as HTML
  Parameters: {"utf8"=>"✓", "authenticity_token"=>"PPAL/lfsJ8LZl8rOSA9kiITtK6Vq5ZRhzVB9UwDbQYo=", "topic"=>{"title"=>"Another topic", "description"=>"Something else"}, "commit"=>"Create Topic"}
  [1m[36m (0.1ms)[0m  [1mbegin transaction[0m
  [1m[35mSQL (0.6ms)[0m  INSERT INTO "topics" ("created_at", "description", "title", "updated_at") VALUES (?, ?, ?, ?)  [["created_at", Sat, 03 Nov 2012 19:35:16 UTC +00:00], ["description", "Something else"], ["title", "Another topic"], ["updated_at", Sat, 03 Nov 2012 19:35:16 UTC +00:00]]
  [1m[36m (3.3ms)[0m  [1mcommit transaction[0m
Redirected to http://0.0.0.0:3000/topics/2
Completed 302 Found in 9ms (ActiveRecord: 4.0ms)


Started GET "/topics/2" for 127.0.0.1 at 2012-11-03 12:35:16 -0700
Processing by TopicsController#show as HTML
  Parameters: {"id"=>"2"}
  [1m[35mTopic Load (0.1ms)[0m  SELECT "topics".* FROM "topics" WHERE "topics"."id" = ? LIMIT 1  [["id", "2"]]
  Rendered topics/show.html.erb within layouts/application (1.0ms)
Completed 200 OK in 11ms (Views: 9.2ms | ActiveRecord: 0.1ms)


Started GET "/assets/application.css?body=1" for 127.0.0.1 at 2012-11-03 12:35:16 -0700
Served asset /application.css - 304 Not Modified (0ms)


Started GET "/assets/scaffolds.css?body=1" for 127.0.0.1 at 2012-11-03 12:35:16 -0700
Served asset /scaffolds.css - 304 Not Modified (0ms)


Started GET "/assets/jquery.js?body=1" for 127.0.0.1 at 2012-11-03 12:35:16 -0700
Served asset /jquery.js - 304 Not Modified (0ms)


Started GET "/assets/jquery_ujs.js?body=1" for 127.0.0.1 at 2012-11-03 12:35:16 -0700
Served asset /jquery_ujs.js - 304 Not Modified (0ms)


Started GET "/assets/application.js?body=1" for 127.0.0.1 at 2012-11-03 12:35:16 -0700
Served asset /application.js - 304 Not Modified (0ms)


Started GET "/topics" for 127.0.0.1 at 2012-11-03 12:35:19 -0700
Processing by TopicsController#index as HTML
  [1m[36mTopic Load (0.2ms)[0m  [1mSELECT "topics".* FROM "topics" [0m
  Rendered topics/index.html.erb within layouts/application (3.3ms)
Completed 200 OK in 13ms (Views: 11.5ms | ActiveRecord: 0.2ms)


Started GET "/assets/application.css?body=1" for 127.0.0.1 at 2012-11-03 12:35:19 -0700
Served asset /application.css - 304 Not Modified (0ms)


Started GET "/assets/scaffolds.css?body=1" for 127.0.0.1 at 2012-11-03 12:35:19 -0700
Served asset /scaffolds.css - 304 Not Modified (0ms)


Started GET "/assets/jquery_ujs.js?body=1" for 127.0.0.1 at 2012-11-03 12:35:19 -0700
Served asset /jquery_ujs.js - 304 Not Modified (0ms)


Started GET "/assets/jquery.js?body=1" for 127.0.0.1 at 2012-11-03 12:35:19 -0700
Served asset /jquery.js - 304 Not Modified (0ms)


Started GET "/assets/application.js?body=1" for 127.0.0.1 at 2012-11-03 12:35:19 -0700
Served asset /application.js - 304 Not Modified (0ms)


Started GET "/topics" for 127.0.0.1 at 2012-11-03 14:07:12 -0700
Connecting to database specified by database.yml
Processing by TopicsController#index as HTML
  [1m[36mTopic Load (0.1ms)[0m  [1mSELECT "topics".* FROM "topics" [0m
  Rendered topics/index.html.erb within layouts/application (43.6ms)
Completed 200 OK in 324ms (Views: 209.0ms | ActiveRecord: 3.3ms)


Started GET "/topics/new" for 127.0.0.1 at 2012-11-03 14:07:20 -0700
Processing by TopicsController#new as HTML
  Rendered topics/_form.html.erb (83.3ms)
  Rendered topics/new.html.erb within layouts/application (107.0ms)
Completed 200 OK in 116ms (Views: 115.4ms | ActiveRecord: 0.0ms)


Started GET "/assets/application.css?body=1" for 127.0.0.1 at 2012-11-03 14:07:20 -0700
Served asset /application.css - 304 Not Modified (18ms)


Started GET "/assets/topics.css?body=1" for 127.0.0.1 at 2012-11-03 14:07:20 -0700
Served asset /topics.css - 304 Not Modified (7ms)


Started GET "/assets/topics.js?body=1" for 127.0.0.1 at 2012-11-03 14:07:20 -0700
Served asset /topics.js - 304 Not Modified (2ms)


Started GET "/assets/jquery.js?body=1" for 127.0.0.1 at 2012-11-03 14:07:20 -0700
Served asset /jquery.js - 304 Not Modified (4ms)


Started GET "/assets/scaffolds.css?body=1" for 127.0.0.1 at 2012-11-03 14:07:20 -0700
Served asset /scaffolds.css - 304 Not Modified (3ms)


Started GET "/assets/jquery_ujs.js?body=1" for 127.0.0.1 at 2012-11-03 14:07:20 -0700
Served asset /jquery_ujs.js - 304 Not Modified (3ms)


Started GET "/assets/application.js?body=1" for 127.0.0.1 at 2012-11-03 14:07:20 -0700
Served asset /application.js - 304 Not Modified (8ms)


Started GET "/topics/1/edit" for 127.0.0.1 at 2012-11-03 14:07:32 -0700
Processing by TopicsController#edit as HTML
  Parameters: {"id"=>"1"}
  [1m[35mTopic Load (0.3ms)[0m  SELECT "topics".* FROM "topics" WHERE "topics"."id" = ? LIMIT 1  [["id", "1"]]
  Rendered topics/_form.html.erb (3.8ms)
  Rendered topics/edit.html.erb within layouts/application (6.3ms)
Completed 200 OK in 43ms (Views: 39.8ms | ActiveRecord: 0.3ms)


Started GET "/assets/jquery.js?body=1" for 127.0.0.1 at 2012-11-03 14:07:32 -0700
Served asset /jquery.js - 304 Not Modified (0ms)


Started GET "/assets/application.css?body=1" for 127.0.0.1 at 2012-11-03 14:07:32 -0700
Served asset /application.css - 304 Not Modified (0ms)


Started GET "/assets/topics.css?body=1" for 127.0.0.1 at 2012-11-03 14:07:32 -0700
Served asset /topics.css - 304 Not Modified (0ms)


Started GET "/assets/jquery_ujs.js?body=1" for 127.0.0.1 at 2012-11-03 14:07:32 -0700
Served asset /jquery_ujs.js - 304 Not Modified (0ms)


Started GET "/assets/scaffolds.css?body=1" for 127.0.0.1 at 2012-11-03 14:07:32 -0700
Served asset /scaffolds.css - 304 Not Modified (0ms)


Started GET "/assets/topics.js?body=1" for 127.0.0.1 at 2012-11-03 14:07:32 -0700
Served asset /topics.js - 304 Not Modified (0ms)


Started GET "/assets/application.js?body=1" for 127.0.0.1 at 2012-11-03 14:07:32 -0700
Served asset /application.js - 304 Not Modified (0ms)
Connecting to database specified by database.yml
Connecting to database specified by database.yml
  [1m[36m (0.2ms)[0m  [1mSELECT "schema_migrations"."version" FROM "schema_migrations" [0m
Migrating to CreateTopics (20121103191019)
Migrating to CreateVotes (20121103212113)
  [1m[35m (0.1ms)[0m  select sqlite_version(*)
  [1m[36m (0.1ms)[0m  [1mbegin transaction[0m
  [1m[35m (0.8ms)[0m  CREATE TABLE "votes" ("id" INTEGER PRIMARY KEY AUTOINCREMENT NOT NULL, "topic_id" integer, "created_at" datetime NOT NULL, "updated_at" datetime NOT NULL) 
  [1m[36m (0.3ms)[0m  [1mINSERT INTO "schema_migrations" ("version") VALUES ('20121103212113')[0m
  [1m[35m (4.3ms)[0m  commit transaction
  [1m[36m (0.4ms)[0m  [1mselect sqlite_version(*)[0m
  [1m[35m (0.1ms)[0m  SELECT "schema_migrations"."version" FROM "schema_migrations" 
  [1m[36m (0.0ms)[0m  [1mPRAGMA index_list("topics")[0m
  [1m[35m (0.0ms)[0m  PRAGMA index_list("votes")


Started GET "/topics" for 127.0.0.1 at 2012-11-03 14:44:42 -0700
Connecting to database specified by database.yml
Processing by TopicsController#index as HTML
  [1m[36mTopic Load (0.1ms)[0m  [1mSELECT "topics".* FROM "topics" [0m
  [1m[35mVote Load (0.1ms)[0m  SELECT "votes".* FROM "votes" WHERE "votes"."topic_id" = 1
  [1m[36mVote Load (0.2ms)[0m  [1mSELECT "votes".* FROM "votes" WHERE "votes"."topic_id" = 2[0m
  Rendered topics/index.html.erb within layouts/application (175.3ms)
Compiled votes.css  (48ms)  (pid 845)
Compiled application.css  (66ms)  (pid 845)
Compiled votes.js  (178ms)  (pid 845)
Compiled application.js  (202ms)  (pid 845)
Completed 200 OK in 987ms (Views: 945.2ms | ActiveRecord: 3.2ms)


Started GET "/assets/votes.css?body=1" for 127.0.0.1 at 2012-11-03 14:44:43 -0700
Served asset /votes.css - 200 OK (2ms)


Started GET "/assets/application.css?body=1" for 127.0.0.1 at 2012-11-03 14:44:43 -0700
Served asset /application.css - 304 Not Modified (10ms)


Started GET "/assets/topics.css?body=1" for 127.0.0.1 at 2012-11-03 14:44:43 -0700
Served asset /topics.css - 304 Not Modified (2ms)


Started GET "/assets/scaffolds.css?body=1" for 127.0.0.1 at 2012-11-03 14:44:43 -0700
Served asset /scaffolds.css - 304 Not Modified (2ms)


Started GET "/assets/jquery.js?body=1" for 127.0.0.1 at 2012-11-03 14:44:43 -0700
Served asset /jquery.js - 304 Not Modified (4ms)


Started GET "/assets/votes.js?body=1" for 127.0.0.1 at 2012-11-03 14:44:43 -0700
Served asset /votes.js - 200 OK (2ms)


Started GET "/assets/jquery_ujs.js?body=1" for 127.0.0.1 at 2012-11-03 14:44:43 -0700
Served asset /jquery_ujs.js - 304 Not Modified (3ms)


Started GET "/assets/topics.js?body=1" for 127.0.0.1 at 2012-11-03 14:44:43 -0700
Served asset /topics.js - 304 Not Modified (2ms)


Started GET "/assets/application.js?body=1" for 127.0.0.1 at 2012-11-03 14:44:43 -0700
Served asset /application.js - 304 Not Modified (10ms)


Started POST "/votes?topic_id=1" for 127.0.0.1 at 2012-11-03 14:46:04 -0700
Processing by VotesController#create as HTML
  Parameters: {"authenticity_token"=>"PPAL/lfsJ8LZl8rOSA9kiITtK6Vq5ZRhzVB9UwDbQYo=", "topic_id"=>"1"}
  [1m[35mTopic Load (0.4ms)[0m  SELECT "topics".* FROM "topics" WHERE "topics"."id" = ? LIMIT 1  [["id", "1"]]
  [1m[36m (0.1ms)[0m  [1mbegin transaction[0m
  [1m[35mSQL (95.6ms)[0m  INSERT INTO "votes" ("created_at", "topic_id", "updated_at") VALUES (?, ?, ?)  [["created_at", Sat, 03 Nov 2012 21:46:04 UTC +00:00], ["topic_id", 1], ["updated_at", Sat, 03 Nov 2012 21:46:04 UTC +00:00]]
  [1m[36m (2.8ms)[0m  [1mcommit transaction[0m
Redirected to http://0.0.0.0:3000/topics
Completed 302 Found in 115ms (ActiveRecord: 98.9ms)


Started GET "/topics" for 127.0.0.1 at 2012-11-03 14:46:05 -0700
Processing by TopicsController#index as HTML
  [1m[35mTopic Load (0.2ms)[0m  SELECT "topics".* FROM "topics" 
  [1m[36mVote Load (0.2ms)[0m  [1mSELECT "votes".* FROM "votes" WHERE "votes"."topic_id" = 1[0m
  [1m[35mVote Load (0.4ms)[0m  SELECT "votes".* FROM "votes" WHERE "votes"."topic_id" = 2
  Rendered topics/index.html.erb within layouts/application (38.3ms)
Completed 200 OK in 52ms (Views: 49.5ms | ActiveRecord: 0.7ms)


Started GET "/assets/application.css?body=1" for 127.0.0.1 at 2012-11-03 14:46:05 -0700
Served asset /application.css - 304 Not Modified (0ms)


Started GET "/assets/scaffolds.css?body=1" for 127.0.0.1 at 2012-11-03 14:46:05 -0700
Served asset /scaffolds.css - 304 Not Modified (0ms)


Started GET "/assets/jquery_ujs.js?body=1" for 127.0.0.1 at 2012-11-03 14:46:05 -0700
Served asset /jquery_ujs.js - 304 Not Modified (0ms)


Started GET "/assets/jquery.js?body=1" for 127.0.0.1 at 2012-11-03 14:46:05 -0700
Served asset /jquery.js - 304 Not Modified (0ms)


Started GET "/assets/topics.js?body=1" for 127.0.0.1 at 2012-11-03 14:46:05 -0700
Served asset /topics.js - 304 Not Modified (0ms)


Started GET "/assets/topics.css?body=1" for 127.0.0.1 at 2012-11-03 14:46:05 -0700
Served asset /topics.css - 304 Not Modified (0ms)


Started GET "/assets/application.js?body=1" for 127.0.0.1 at 2012-11-03 14:46:05 -0700
Served asset /application.js - 304 Not Modified (0ms)


Started POST "/votes?topic_id=1" for 127.0.0.1 at 2012-11-03 14:46:08 -0700
Processing by VotesController#create as HTML
  Parameters: {"authenticity_token"=>"PPAL/lfsJ8LZl8rOSA9kiITtK6Vq5ZRhzVB9UwDbQYo=", "topic_id"=>"1"}
  [1m[36mTopic Load (0.1ms)[0m  [1mSELECT "topics".* FROM "topics" WHERE "topics"."id" = ? LIMIT 1[0m  [["id", "1"]]
  [1m[35m (0.1ms)[0m  begin transaction
  [1m[36mSQL (0.5ms)[0m  [1mINSERT INTO "votes" ("created_at", "topic_id", "updated_at") VALUES (?, ?, ?)[0m  [["created_at", Sat, 03 Nov 2012 21:46:08 UTC +00:00], ["topic_id", 1], ["updated_at", Sat, 03 Nov 2012 21:46:08 UTC +00:00]]
  [1m[35m (47.3ms)[0m  commit transaction
Redirected to http://0.0.0.0:3000/topics
Completed 302 Found in 53ms (ActiveRecord: 48.1ms)


Started GET "/topics" for 127.0.0.1 at 2012-11-03 14:46:08 -0700
Processing by TopicsController#index as HTML
  [1m[36mTopic Load (0.2ms)[0m  [1mSELECT "topics".* FROM "topics" [0m
  [1m[35mVote Load (0.2ms)[0m  SELECT "votes".* FROM "votes" WHERE "votes"."topic_id" = 1
  [1m[36mVote Load (0.2ms)[0m  [1mSELECT "votes".* FROM "votes" WHERE "votes"."topic_id" = 2[0m
  Rendered topics/index.html.erb within layouts/application (9.3ms)
Completed 200 OK in 21ms (Views: 19.1ms | ActiveRecord: 0.6ms)


Started GET "/assets/application.css?body=1" for 127.0.0.1 at 2012-11-03 14:46:08 -0700
Served asset /application.css - 304 Not Modified (0ms)


Started GET "/assets/jquery.js?body=1" for 127.0.0.1 at 2012-11-03 14:46:08 -0700
Served asset /jquery.js - 304 Not Modified (0ms)


Started GET "/assets/topics.css?body=1" for 127.0.0.1 at 2012-11-03 14:46:08 -0700
Served asset /topics.css - 304 Not Modified (0ms)


Started GET "/assets/scaffolds.css?body=1" for 127.0.0.1 at 2012-11-03 14:46:08 -0700
Served asset /scaffolds.css - 304 Not Modified (0ms)


Started GET "/assets/topics.js?body=1" for 127.0.0.1 at 2012-11-03 14:46:08 -0700
Served asset /topics.js - 304 Not Modified (0ms)


Started GET "/assets/jquery_ujs.js?body=1" for 127.0.0.1 at 2012-11-03 14:46:08 -0700
Served asset /jquery_ujs.js - 304 Not Modified (0ms)


Started GET "/assets/application.js?body=1" for 127.0.0.1 at 2012-11-03 14:46:08 -0700
Served asset /application.js - 304 Not Modified (0ms)


Started POST "/votes?topic_id=1" for 127.0.0.1 at 2012-11-03 14:46:14 -0700
Processing by VotesController#create as HTML
  Parameters: {"authenticity_token"=>"PPAL/lfsJ8LZl8rOSA9kiITtK6Vq5ZRhzVB9UwDbQYo=", "topic_id"=>"1"}
  [1m[35mTopic Load (0.1ms)[0m  SELECT "topics".* FROM "topics" WHERE "topics"."id" = ? LIMIT 1  [["id", "1"]]
  [1m[36m (0.1ms)[0m  [1mbegin transaction[0m
  [1m[35mSQL (0.5ms)[0m  INSERT INTO "votes" ("created_at", "topic_id", "updated_at") VALUES (?, ?, ?)  [["created_at", Sat, 03 Nov 2012 21:46:14 UTC +00:00], ["topic_id", 1], ["updated_at", Sat, 03 Nov 2012 21:46:14 UTC +00:00]]
  [1m[36m (49.2ms)[0m  [1mcommit transaction[0m
Redirected to http://0.0.0.0:3000/topics
Completed 302 Found in 54ms (ActiveRecord: 49.9ms)


Started GET "/topics" for 127.0.0.1 at 2012-11-03 14:46:14 -0700
Processing by TopicsController#index as HTML
  [1m[35mTopic Load (0.2ms)[0m  SELECT "topics".* FROM "topics" 
  [1m[36mVote Load (0.2ms)[0m  [1mSELECT "votes".* FROM "votes" WHERE "votes"."topic_id" = 1[0m
  [1m[35mVote Load (0.1ms)[0m  SELECT "votes".* FROM "votes" WHERE "votes"."topic_id" = 2
  Rendered topics/index.html.erb within layouts/application (8.6ms)
Completed 200 OK in 20ms (Views: 18.4ms | ActiveRecord: 0.5ms)


Started GET "/assets/scaffolds.css?body=1" for 127.0.0.1 at 2012-11-03 14:46:14 -0700
Served asset /scaffolds.css - 304 Not Modified (0ms)


Started GET "/assets/jquery.js?body=1" for 127.0.0.1 at 2012-11-03 14:46:14 -0700
Served asset /jquery.js - 304 Not Modified (0ms)


Started GET "/assets/application.css?body=1" for 127.0.0.1 at 2012-11-03 14:46:14 -0700
Served asset /application.css - 304 Not Modified (0ms)


Started GET "/assets/jquery_ujs.js?body=1" for 127.0.0.1 at 2012-11-03 14:46:14 -0700
Served asset /jquery_ujs.js - 304 Not Modified (0ms)


Started GET "/assets/topics.css?body=1" for 127.0.0.1 at 2012-11-03 14:46:14 -0700
Served asset /topics.css - 304 Not Modified (0ms)


Started GET "/assets/application.js?body=1" for 127.0.0.1 at 2012-11-03 14:46:14 -0700
Served asset /application.js - 304 Not Modified (0ms)


Started GET "/assets/topics.js?body=1" for 127.0.0.1 at 2012-11-03 14:46:14 -0700
Served asset /topics.js - 304 Not Modified (0ms)


Started POST "/votes?topic_id=1" for 127.0.0.1 at 2012-11-03 14:55:12 -0700
Processing by VotesController#create as HTML
  Parameters: {"authenticity_token"=>"PPAL/lfsJ8LZl8rOSA9kiITtK6Vq5ZRhzVB9UwDbQYo=", "topic_id"=>"1"}
  [1m[36mTopic Load (0.1ms)[0m  [1mSELECT "topics".* FROM "topics" WHERE "topics"."id" = ? LIMIT 1[0m  [["id", "1"]]
  [1m[35m (0.1ms)[0m  begin transaction
  [1m[36mSQL (0.5ms)[0m  [1mINSERT INTO "votes" ("created_at", "topic_id", "updated_at") VALUES (?, ?, ?)[0m  [["created_at", Sat, 03 Nov 2012 21:55:12 UTC +00:00], ["topic_id", 1], ["updated_at", Sat, 03 Nov 2012 21:55:12 UTC +00:00]]
  [1m[35m (329.5ms)[0m  commit transaction
Redirected to http://0.0.0.0:3000/topics
Completed 302 Found in 336ms (ActiveRecord: 330.3ms)


Started GET "/topics" for 127.0.0.1 at 2012-11-03 14:55:12 -0700
Processing by TopicsController#index as HTML
  [1m[36mTopic Load (0.2ms)[0m  [1mSELECT "topics".* FROM "topics" [0m
  [1m[35mVote Load (0.2ms)[0m  SELECT "votes".* FROM "votes" WHERE "votes"."topic_id" = 1
  [1m[36mVote Load (0.2ms)[0m  [1mSELECT "votes".* FROM "votes" WHERE "votes"."topic_id" = 2[0m
  Rendered topics/index.html.erb within layouts/application (9.7ms)
Completed 200 OK in 22ms (Views: 20.0ms | ActiveRecord: 0.6ms)


Started GET "/assets/application.css?body=1" for 127.0.0.1 at 2012-11-03 14:55:13 -0700
Served asset /application.css - 304 Not Modified (0ms)


Started GET "/assets/topics.css?body=1" for 127.0.0.1 at 2012-11-03 14:55:13 -0700
Served asset /topics.css - 304 Not Modified (0ms)


Started GET "/assets/scaffolds.css?body=1" for 127.0.0.1 at 2012-11-03 14:55:13 -0700
Served asset /scaffolds.css - 304 Not Modified (0ms)


Started GET "/assets/votes.css?body=1" for 127.0.0.1 at 2012-11-03 14:55:13 -0700
Served asset /votes.css - 304 Not Modified (0ms)


Started GET "/assets/jquery.js?body=1" for 127.0.0.1 at 2012-11-03 14:55:13 -0700
Served asset /jquery.js - 304 Not Modified (0ms)


Started GET "/assets/topics.js?body=1" for 127.0.0.1 at 2012-11-03 14:55:13 -0700
Served asset /topics.js - 304 Not Modified (0ms)


Started GET "/assets/jquery_ujs.js?body=1" for 127.0.0.1 at 2012-11-03 14:55:13 -0700
Served asset /jquery_ujs.js - 304 Not Modified (0ms)


Started GET "/assets/votes.js?body=1" for 127.0.0.1 at 2012-11-03 14:55:13 -0700
Served asset /votes.js - 304 Not Modified (0ms)


Started GET "/assets/application.js?body=1" for 127.0.0.1 at 2012-11-03 14:55:13 -0700
Served asset /application.js - 304 Not Modified (0ms)


Started POST "/votes?topic_id=2" for 127.0.0.1 at 2012-11-03 15:11:52 -0700
Processing by VotesController#create as HTML
  Parameters: {"authenticity_token"=>"PPAL/lfsJ8LZl8rOSA9kiITtK6Vq5ZRhzVB9UwDbQYo=", "topic_id"=>"2"}
  [1m[35mTopic Load (0.1ms)[0m  SELECT "topics".* FROM "topics" WHERE "topics"."id" = ? LIMIT 1  [["id", "2"]]
  [1m[36m (0.1ms)[0m  [1mbegin transaction[0m
  [1m[35mSQL (0.5ms)[0m  INSERT INTO "votes" ("created_at", "topic_id", "updated_at") VALUES (?, ?, ?)  [["created_at", Sat, 03 Nov 2012 22:11:52 UTC +00:00], ["topic_id", 2], ["updated_at", Sat, 03 Nov 2012 22:11:52 UTC +00:00]]
  [1m[36m (51.7ms)[0m  [1mcommit transaction[0m
Redirected to http://0.0.0.0:3000/topics
Completed 302 Found in 59ms (ActiveRecord: 52.4ms)


Started GET "/topics" for 127.0.0.1 at 2012-11-03 15:11:52 -0700
Processing by TopicsController#index as HTML
  [1m[35mTopic Load (0.2ms)[0m  SELECT "topics".* FROM "topics" 
  [1m[36mVote Load (0.2ms)[0m  [1mSELECT "votes".* FROM "votes" WHERE "votes"."topic_id" = 1[0m
  [1m[35mVote Load (0.2ms)[0m  SELECT "votes".* FROM "votes" WHERE "votes"."topic_id" = 2
  Rendered topics/index.html.erb within layouts/application (9.6ms)
Completed 200 OK in 23ms (Views: 21.1ms | ActiveRecord: 0.6ms)


Started GET "/assets/scaffolds.css?body=1" for 127.0.0.1 at 2012-11-03 15:11:52 -0700
Served asset /scaffolds.css - 304 Not Modified (0ms)


Started GET "/assets/jquery.js?body=1" for 127.0.0.1 at 2012-11-03 15:11:52 -0700
Served asset /jquery.js - 304 Not Modified (0ms)


Started GET "/assets/topics.js?body=1" for 127.0.0.1 at 2012-11-03 15:11:52 -0700
Served asset /topics.js - 304 Not Modified (0ms)


Started GET "/assets/jquery_ujs.js?body=1" for 127.0.0.1 at 2012-11-03 15:11:52 -0700
Served asset /jquery_ujs.js - 304 Not Modified (0ms)


Started GET "/assets/application.js?body=1" for 127.0.0.1 at 2012-11-03 15:11:52 -0700
Served asset /application.js - 304 Not Modified (0ms)


Started GET "/assets/topics.css?body=1" for 127.0.0.1 at 2012-11-03 15:11:52 -0700
Served asset /topics.css - 304 Not Modified (0ms)


Started GET "/assets/votes.css?body=1" for 127.0.0.1 at 2012-11-03 15:11:52 -0700
Served asset /votes.css - 304 Not Modified (0ms)


Started GET "/assets/votes.js?body=1" for 127.0.0.1 at 2012-11-03 15:11:52 -0700
Served asset /votes.js - 304 Not Modified (0ms)


Started GET "/assets/application.css?body=1" for 127.0.0.1 at 2012-11-03 15:11:52 -0700
Served asset /application.css - 304 Not Modified (0ms)


Started GET "/topics" for 127.0.0.1 at 2012-11-03 15:14:29 -0700
Processing by TopicsController#index as HTML
  [1m[36mTopic Load (0.1ms)[0m  [1mSELECT "topics".* FROM "topics" [0m
  [1m[35mVote Load (0.4ms)[0m  SELECT "votes".* FROM "votes" WHERE "votes"."topic_id" = 1
  [1m[36mVote Load (0.2ms)[0m  [1mSELECT "votes".* FROM "votes" WHERE "votes"."topic_id" = 2[0m
  Rendered topics/index.html.erb within layouts/application (26.7ms)
Completed 200 OK in 49ms (Views: 35.7ms | ActiveRecord: 1.7ms)


Started GET "/assets/application.css?body=1" for 127.0.0.1 at 2012-11-03 15:14:29 -0700
Served asset /application.css - 304 Not Modified (1ms)


Started GET "/assets/scaffolds.css?body=1" for 127.0.0.1 at 2012-11-03 15:14:29 -0700
Served asset /scaffolds.css - 304 Not Modified (0ms)


Started GET "/assets/topics.css?body=1" for 127.0.0.1 at 2012-11-03 15:14:29 -0700
Served asset /topics.css - 304 Not Modified (0ms)


Started GET "/assets/votes.css?body=1" for 127.0.0.1 at 2012-11-03 15:14:29 -0700
Served asset /votes.css - 304 Not Modified (0ms)


Started GET "/assets/jquery.js?body=1" for 127.0.0.1 at 2012-11-03 15:14:29 -0700
Served asset /jquery.js - 304 Not Modified (0ms)


Started GET "/assets/votes.js?body=1" for 127.0.0.1 at 2012-11-03 15:14:29 -0700
Served asset /votes.js - 304 Not Modified (0ms)


Started GET "/assets/jquery_ujs.js?body=1" for 127.0.0.1 at 2012-11-03 15:14:29 -0700
Served asset /jquery_ujs.js - 304 Not Modified (0ms)


Started GET "/assets/topics.js?body=1" for 127.0.0.1 at 2012-11-03 15:14:29 -0700
Served asset /topics.js - 304 Not Modified (0ms)


Started GET "/assets/application.js?body=1" for 127.0.0.1 at 2012-11-03 15:14:29 -0700
Served asset /application.js - 304 Not Modified (0ms)


Started POST "/votes?topic_id=2" for 127.0.0.1 at 2012-11-03 15:14:31 -0700
Processing by VotesController#create as HTML
  Parameters: {"authenticity_token"=>"PPAL/lfsJ8LZl8rOSA9kiITtK6Vq5ZRhzVB9UwDbQYo=", "topic_id"=>"2"}
  [1m[35mTopic Load (0.3ms)[0m  SELECT "topics".* FROM "topics" WHERE "topics"."id" = ? LIMIT 1  [["id", "2"]]
  [1m[36m (0.1ms)[0m  [1mbegin transaction[0m
  [1m[35mSQL (138.3ms)[0m  INSERT INTO "votes" ("created_at", "topic_id", "updated_at") VALUES (?, ?, ?)  [["created_at", Sat, 03 Nov 2012 22:14:31 UTC +00:00], ["topic_id", 2], ["updated_at", Sat, 03 Nov 2012 22:14:31 UTC +00:00]]
  [1m[36m (4.5ms)[0m  [1mcommit transaction[0m
Redirected to http://www.google.com
Completed 302 Found in 150ms (ActiveRecord: 143.1ms)


Started GET "/topics" for 127.0.0.1 at 2012-11-03 15:14:38 -0700
Processing by TopicsController#index as HTML
  [1m[35mTopic Load (0.2ms)[0m  SELECT "topics".* FROM "topics" 
  [1m[36mVote Load (0.2ms)[0m  [1mSELECT "votes".* FROM "votes" WHERE "votes"."topic_id" = 1[0m
  [1m[35mVote Load (0.2ms)[0m  SELECT "votes".* FROM "votes" WHERE "votes"."topic_id" = 2
  Rendered topics/index.html.erb within layouts/application (10.0ms)
Completed 200 OK in 22ms (Views: 20.5ms | ActiveRecord: 0.6ms)


Started GET "/assets/scaffolds.css?body=1" for 127.0.0.1 at 2012-11-03 15:14:38 -0700
Served asset /scaffolds.css - 304 Not Modified (0ms)


Started GET "/assets/topics.css?body=1" for 127.0.0.1 at 2012-11-03 15:14:38 -0700
Served asset /topics.css - 304 Not Modified (0ms)


Started GET "/assets/jquery.js?body=1" for 127.0.0.1 at 2012-11-03 15:14:38 -0700
Served asset /jquery.js - 304 Not Modified (0ms)


Started GET "/assets/topics.js?body=1" for 127.0.0.1 at 2012-11-03 15:14:38 -0700
Served asset /topics.js - 304 Not Modified (0ms)


Started GET "/assets/votes.css?body=1" for 127.0.0.1 at 2012-11-03 15:14:38 -0700
Served asset /votes.css - 304 Not Modified (0ms)


Started GET "/assets/application.css?body=1" for 127.0.0.1 at 2012-11-03 15:14:38 -0700
Served asset /application.css - 304 Not Modified (1ms)


Started GET "/assets/jquery_ujs.js?body=1" for 127.0.0.1 at 2012-11-03 15:14:38 -0700
Served asset /jquery_ujs.js - 304 Not Modified (0ms)


Started GET "/assets/votes.js?body=1" for 127.0.0.1 at 2012-11-03 15:14:38 -0700
Served asset /votes.js - 304 Not Modified (0ms)


Started GET "/assets/application.js?body=1" for 127.0.0.1 at 2012-11-03 15:14:38 -0700
Served asset /application.js - 304 Not Modified (0ms)


Started GET "/" for 127.0.0.1 at 2012-11-03 15:43:00 -0700
Processing by TopicsController#index as HTML
  [1m[36mTopic Load (0.1ms)[0m  [1mSELECT "topics".* FROM "topics" [0m
  [1m[35mVote Load (0.1ms)[0m  SELECT "votes".* FROM "votes" WHERE "votes"."topic_id" = 1
  [1m[36mVote Load (0.2ms)[0m  [1mSELECT "votes".* FROM "votes" WHERE "votes"."topic_id" = 2[0m
  Rendered topics/index.html.erb within layouts/application (29.5ms)
Completed 200 OK in 53ms (Views: 40.0ms | ActiveRecord: 1.4ms)


Started GET "/assets/jquery.js?body=1" for 127.0.0.1 at 2012-11-03 15:43:00 -0700
Served asset /jquery.js - 304 Not Modified (0ms)


Started GET "/assets/application.css?body=1" for 127.0.0.1 at 2012-11-03 15:43:00 -0700
Served asset /application.css - 304 Not Modified (0ms)


Started GET "/assets/votes.css?body=1" for 127.0.0.1 at 2012-11-03 15:43:00 -0700
Served asset /votes.css - 304 Not Modified (0ms)


Started GET "/assets/topics.css?body=1" for 127.0.0.1 at 2012-11-03 15:43:00 -0700
Served asset /topics.css - 304 Not Modified (0ms)


Started GET "/assets/scaffolds.css?body=1" for 127.0.0.1 at 2012-11-03 15:43:00 -0700
Served asset /scaffolds.css - 304 Not Modified (0ms)


Started GET "/assets/topics.js?body=1" for 127.0.0.1 at 2012-11-03 15:43:00 -0700
Served asset /topics.js - 304 Not Modified (0ms)


Started GET "/assets/jquery_ujs.js?body=1" for 127.0.0.1 at 2012-11-03 15:43:00 -0700
Served asset /jquery_ujs.js - 304 Not Modified (0ms)


Started GET "/assets/votes.js?body=1" for 127.0.0.1 at 2012-11-03 15:43:00 -0700
Served asset /votes.js - 304 Not Modified (0ms)


Started GET "/assets/application.js?body=1" for 127.0.0.1 at 2012-11-03 15:43:01 -0700
Served asset /application.js - 304 Not Modified (0ms)


Started GET "/" for 127.0.0.1 at 2012-11-03 15:51:45 -0700
Processing by TopicsController#index as HTML
  [1m[35mTopic Load (0.1ms)[0m  SELECT "topics".* FROM "topics" 
  [1m[36mVote Load (0.1ms)[0m  [1mSELECT "votes".* FROM "votes" WHERE "votes"."topic_id" = 1[0m
  [1m[35mVote Load (0.2ms)[0m  SELECT "votes".* FROM "votes" WHERE "votes"."topic_id" = 2
  Rendered topics/index.html.erb within layouts/application (29.1ms)
Completed 200 OK in 80ms (Views: 67.1ms | ActiveRecord: 1.3ms)


Started GET "/assets/application.css?body=1" for 127.0.0.1 at 2012-11-03 15:51:45 -0700
Served asset /application.css - 304 Not Modified (0ms)


Started GET "/assets/votes.css?body=1" for 127.0.0.1 at 2012-11-03 15:51:45 -0700
Served asset /votes.css - 304 Not Modified (0ms)


Started GET "/assets/scaffolds.css?body=1" for 127.0.0.1 at 2012-11-03 15:51:45 -0700
Served asset /scaffolds.css - 304 Not Modified (0ms)


Started GET "/assets/jquery.js?body=1" for 127.0.0.1 at 2012-11-03 15:51:45 -0700
Served asset /jquery.js - 304 Not Modified (0ms)


Started GET "/assets/topics.css?body=1" for 127.0.0.1 at 2012-11-03 15:51:45 -0700
Served asset /topics.css - 304 Not Modified (0ms)


Started GET "/assets/jquery_ujs.js?body=1" for 127.0.0.1 at 2012-11-03 15:51:45 -0700
Served asset /jquery_ujs.js - 304 Not Modified (0ms)


Started GET "/assets/topics.js?body=1" for 127.0.0.1 at 2012-11-03 15:51:45 -0700
Served asset /topics.js - 304 Not Modified (0ms)


Started GET "/assets/votes.js?body=1" for 127.0.0.1 at 2012-11-03 15:51:45 -0700
Served asset /votes.js - 304 Not Modified (0ms)


Started GET "/assets/application.js?body=1" for 127.0.0.1 at 2012-11-03 15:51:45 -0700
Served asset /application.js - 304 Not Modified (0ms)


Started GET "/topics/new" for 127.0.0.1 at 2012-11-03 15:52:06 -0700
Processing by TopicsController#new as HTML
ERROR: compiling _app_views_topics__form_html_erb___86779723006662701_2167696180 RAISED /Users/Derek_Chen/Desktop/railsbridge/tron/app/views/topics/_form.html.erb:17: syntax error, unexpected '<', expecting ')'
  </div>
   ^
unmatched close parenthesis: /div>
  <div class="field">
    <%= f.label :description );@output_buffer.safe_concat('<br /
/Users/Derek_Chen/Desktop/railsbridge/tron/app/views/topics/_form.html.erb:24: unknown regexp options - dv
unmatched close parenthesis: /div>
  <div class="actions">
    ');@output_buffer.append= ( f.submit );@output_buffer.safe_concat('
');@output_buffer.safe_concat('  </i
/Users/Derek_Chen/Desktop/railsbridge/tron/app/views/topics/_form.html.erb:25: unterminated string meets end of file
/Users/Derek_Chen/Desktop/railsbridge/tron/app/views/topics/_form.html.erb:25: syntax error, unexpected $end, expecting ')'
Function body:           def _app_views_topics__form_html_erb___86779723006662701_2167696180(local_assigns, output_buffer)
            _old_virtual_path, @virtual_path = @virtual_path, "topics/_form";_old_output_buffer = @output_buffer;form = local_assigns[:form];;@output_buffer = output_buffer || ActionView::OutputBuffer.new;@output_buffer.append=  form_for(@topic) do |f| @output_buffer.safe_concat('
');   if @topic.errors.any? 
@output_buffer.safe_concat('    <div id="error_explanation">
      <h2>');@output_buffer.append= ( pluralize(@topic.errors.count, "error") );@output_buffer.safe_concat(' prohibited this topic from being saved:</h2>

      <ul>
');       @topic.errors.full_messages.each do |msg| 
@output_buffer.safe_concat('        <li>');@output_buffer.append= ( msg );@output_buffer.safe_concat('</li>
');       end 
@output_buffer.safe_concat('      </ul>
    </div>
');   end 
@output_buffer.safe_concat('
  <div class="field">
    ');@output_buffer.append= ( f.label :title );@output_buffer.safe_concat('<br />
    ');@output_buffer.append= ( f.text_field :title 
  </div>
  <div class="field">
    <%= f.label :description );@output_buffer.safe_concat('<br />
    ');@output_buffer.append= ( f.text_area :description );@output_buffer.safe_concat('
');@output_buffer.safe_concat('  </div>
  <div class="actions">
    ');@output_buffer.append= ( f.submit );@output_buffer.safe_concat('
');@output_buffer.safe_concat('  </div>
'); end 
@output_buffer.to_s
          ensure
            @virtual_path, @output_buffer = _old_virtual_path, _old_output_buffer
          end

Backtrace: /Users/Derek_Chen/.rvm/gems/ruby-1.9.3-p286/gems/actionpack-3.2.8/lib/action_view/template.rb:297:in `module_eval'
/Users/Derek_Chen/.rvm/gems/ruby-1.9.3-p286/gems/actionpack-3.2.8/lib/action_view/template.rb:297:in `compile'
/Users/Derek_Chen/.rvm/gems/ruby-1.9.3-p286/gems/actionpack-3.2.8/lib/action_view/template.rb:244:in `block in compile!'
<internal:prelude>:10:in `synchronize'
/Users/Derek_Chen/.rvm/gems/ruby-1.9.3-p286/gems/actionpack-3.2.8/lib/action_view/template.rb:232:in `compile!'
/Users/Derek_Chen/.rvm/gems/ruby-1.9.3-p286/gems/actionpack-3.2.8/lib/action_view/template.rb:144:in `block in render'
/Users/Derek_Chen/.rvm/gems/ruby-1.9.3-p286/gems/activesupport-3.2.8/lib/active_support/notifications.rb:125:in `instrument'
/Users/Derek_Chen/.rvm/gems/ruby-1.9.3-p286/gems/actionpack-3.2.8/lib/action_view/template.rb:143:in `render'
/Users/Derek_Chen/.rvm/gems/ruby-1.9.3-p286/gems/actionpack-3.2.8/lib/action_view/renderer/partial_renderer.rb:265:in `render_partial'
/Users/Derek_Chen/.rvm/gems/ruby-1.9.3-p286/gems/actionpack-3.2.8/lib/action_view/renderer/partial_renderer.rb:238:in `block in render'
/Users/Derek_Chen/.rvm/gems/ruby-1.9.3-p286/gems/actionpack-3.2.8/lib/action_view/renderer/abstract_renderer.rb:38:in `block in instrument'
/Users/Derek_Chen/.rvm/gems/ruby-1.9.3-p286/gems/activesupport-3.2.8/lib/active_support/notifications.rb:123:in `block in instrument'
/Users/Derek_Chen/.rvm/gems/ruby-1.9.3-p286/gems/activesupport-3.2.8/lib/active_support/notifications/instrumenter.rb:20:in `instrument'
/Users/Derek_Chen/.rvm/gems/ruby-1.9.3-p286/gems/activesupport-3.2.8/lib/active_support/notifications.rb:123:in `instrument'
/Users/Derek_Chen/.rvm/gems/ruby-1.9.3-p286/gems/actionpack-3.2.8/lib/action_view/renderer/abstract_renderer.rb:38:in `instrument'
/Users/Derek_Chen/.rvm/gems/ruby-1.9.3-p286/gems/actionpack-3.2.8/lib/action_view/renderer/partial_renderer.rb:237:in `render'
/Users/Derek_Chen/.rvm/gems/ruby-1.9.3-p286/gems/actionpack-3.2.8/lib/action_view/renderer/renderer.rb:41:in `render_partial'
/Users/Derek_Chen/.rvm/gems/ruby-1.9.3-p286/gems/actionpack-3.2.8/lib/action_view/helpers/rendering_helper.rb:27:in `render'
/Users/Derek_Chen/Desktop/railsbridge/tron/app/views/topics/new.html.erb:3:in `_app_views_topics_new_html_erb___372325637429057877_2159646800'
/Users/Derek_Chen/.rvm/gems/ruby-1.9.3-p286/gems/actionpack-3.2.8/lib/action_view/template.rb:145:in `block in render'
/Users/Derek_Chen/.rvm/gems/ruby-1.9.3-p286/gems/activesupport-3.2.8/lib/active_support/notifications.rb:125:in `instrument'
/Users/Derek_Chen/.rvm/gems/ruby-1.9.3-p286/gems/actionpack-3.2.8/lib/action_view/template.rb:143:in `render'
/Users/Derek_Chen/.rvm/gems/ruby-1.9.3-p286/gems/actionpack-3.2.8/lib/action_view/renderer/template_renderer.rb:47:in `block (2 levels) in render_template'
/Users/Derek_Chen/.rvm/gems/ruby-1.9.3-p286/gems/actionpack-3.2.8/lib/action_view/renderer/abstract_renderer.rb:38:in `block in instrument'
/Users/Derek_Chen/.rvm/gems/ruby-1.9.3-p286/gems/activesupport-3.2.8/lib/active_support/notifications.rb:123:in `block in instrument'
/Users/Derek_Chen/.rvm/gems/ruby-1.9.3-p286/gems/activesupport-3.2.8/lib/active_support/notifications/instrumenter.rb:20:in `instrument'
/Users/Derek_Chen/.rvm/gems/ruby-1.9.3-p286/gems/activesupport-3.2.8/lib/active_support/notifications.rb:123:in `instrument'
/Users/Derek_Chen/.rvm/gems/ruby-1.9.3-p286/gems/actionpack-3.2.8/lib/action_view/renderer/abstract_renderer.rb:38:in `instrument'
/Users/Derek_Chen/.rvm/gems/ruby-1.9.3-p286/gems/actionpack-3.2.8/lib/action_view/renderer/template_renderer.rb:46:in `block in render_template'
/Users/Derek_Chen/.rvm/gems/ruby-1.9.3-p286/gems/actionpack-3.2.8/lib/action_view/renderer/template_renderer.rb:54:in `render_with_layout'
/Users/Derek_Chen/.rvm/gems/ruby-1.9.3-p286/gems/actionpack-3.2.8/lib/action_view/renderer/template_renderer.rb:45:in `render_template'
/Users/Derek_Chen/.rvm/gems/ruby-1.9.3-p286/gems/actionpack-3.2.8/lib/action_view/renderer/template_renderer.rb:18:in `render'
/Users/Derek_Chen/.rvm/gems/ruby-1.9.3-p286/gems/actionpack-3.2.8/lib/action_view/renderer/renderer.rb:36:in `render_template'
/Users/Derek_Chen/.rvm/gems/ruby-1.9.3-p286/gems/actionpack-3.2.8/lib/action_view/renderer/renderer.rb:17:in `render'
/Users/Derek_Chen/.rvm/gems/ruby-1.9.3-p286/gems/actionpack-3.2.8/lib/abstract_controller/rendering.rb:110:in `_render_template'
/Users/Derek_Chen/.rvm/gems/ruby-1.9.3-p286/gems/actionpack-3.2.8/lib/action_controller/metal/streaming.rb:225:in `_render_template'
/Users/Derek_Chen/.rvm/gems/ruby-1.9.3-p286/gems/actionpack-3.2.8/lib/abstract_controller/rendering.rb:103:in `render_to_body'
/Users/Derek_Chen/.rvm/gems/ruby-1.9.3-p286/gems/actionpack-3.2.8/lib/action_controller/metal/renderers.rb:28:in `render_to_body'
/Users/Derek_Chen/.rvm/gems/ruby-1.9.3-p286/gems/actionpack-3.2.8/lib/action_controller/metal/compatibility.rb:50:in `render_to_body'
/Users/Derek_Chen/.rvm/gems/ruby-1.9.3-p286/gems/actionpack-3.2.8/lib/abstract_controller/rendering.rb:88:in `render'
/Users/Derek_Chen/.rvm/gems/ruby-1.9.3-p286/gems/actionpack-3.2.8/lib/action_controller/metal/rendering.rb:16:in `render'
/Users/Derek_Chen/.rvm/gems/ruby-1.9.3-p286/gems/actionpack-3.2.8/lib/action_controller/metal/instrumentation.rb:40:in `block (2 levels) in render'
/Users/Derek_Chen/.rvm/gems/ruby-1.9.3-p286/gems/activesupport-3.2.8/lib/active_support/core_ext/benchmark.rb:5:in `block in ms'
/Users/Derek_Chen/.rvm/rubies/ruby-1.9.3-p286/lib/ruby/1.9.1/benchmark.rb:295:in `realtime'
/Users/Derek_Chen/.rvm/gems/ruby-1.9.3-p286/gems/activesupport-3.2.8/lib/active_support/core_ext/benchmark.rb:5:in `ms'
/Users/Derek_Chen/.rvm/gems/ruby-1.9.3-p286/gems/actionpack-3.2.8/lib/action_controller/metal/instrumentation.rb:40:in `block in render'
/Users/Derek_Chen/.rvm/gems/ruby-1.9.3-p286/gems/actionpack-3.2.8/lib/action_controller/metal/instrumentation.rb:83:in `cleanup_view_runtime'
/Users/Derek_Chen/.rvm/gems/ruby-1.9.3-p286/gems/activerecord-3.2.8/lib/active_record/railties/controller_runtime.rb:24:in `cleanup_view_runtime'
/Users/Derek_Chen/.rvm/gems/ruby-1.9.3-p286/gems/actionpack-3.2.8/lib/action_controller/metal/instrumentation.rb:39:in `render'
/Users/Derek_Chen/.rvm/gems/ruby-1.9.3-p286/gems/actionpack-3.2.8/lib/action_controller/metal/implicit_render.rb:10:in `default_render'
/Users/Derek_Chen/.rvm/gems/ruby-1.9.3-p286/gems/actionpack-3.2.8/lib/action_controller/metal/mime_responds.rb:196:in `respond_to'
/Users/Derek_Chen/Desktop/railsbridge/tron/app/controllers/topics_controller.rb:29:in `new'
/Users/Derek_Chen/.rvm/gems/ruby-1.9.3-p286/gems/actionpack-3.2.8/lib/action_controller/metal/implicit_render.rb:4:in `send_action'
/Users/Derek_Chen/.rvm/gems/ruby-1.9.3-p286/gems/actionpack-3.2.8/lib/abstract_controller/base.rb:167:in `process_action'
/Users/Derek_Chen/.rvm/gems/ruby-1.9.3-p286/gems/actionpack-3.2.8/lib/action_controller/metal/rendering.rb:10:in `process_action'
/Users/Derek_Chen/.rvm/gems/ruby-1.9.3-p286/gems/actionpack-3.2.8/lib/abstract_controller/callbacks.rb:18:in `block in process_action'
/Users/Derek_Chen/.rvm/gems/ruby-1.9.3-p286/gems/activesupport-3.2.8/lib/active_support/callbacks.rb:414:in `_run__1081860016005619893__process_action__3952056329516101838__callbacks'
/Users/Derek_Chen/.rvm/gems/ruby-1.9.3-p286/gems/activesupport-3.2.8/lib/active_support/callbacks.rb:405:in `__run_callback'
/Users/Derek_Chen/.rvm/gems/ruby-1.9.3-p286/gems/activesupport-3.2.8/lib/active_support/callbacks.rb:385:in `_run_process_action_callbacks'
/Users/Derek_Chen/.rvm/gems/ruby-1.9.3-p286/gems/activesupport-3.2.8/lib/active_support/callbacks.rb:81:in `run_callbacks'
/Users/Derek_Chen/.rvm/gems/ruby-1.9.3-p286/gems/actionpack-3.2.8/lib/abstract_controller/callbacks.rb:17:in `process_action'
/Users/Derek_Chen/.rvm/gems/ruby-1.9.3-p286/gems/actionpack-3.2.8/lib/action_controller/metal/rescue.rb:29:in `process_action'
/Users/Derek_Chen/.rvm/gems/ruby-1.9.3-p286/gems/actionpack-3.2.8/lib/action_controller/metal/instrumentation.rb:30:in `block in process_action'
/Users/Derek_Chen/.rvm/gems/ruby-1.9.3-p286/gems/activesupport-3.2.8/lib/active_support/notifications.rb:123:in `block in instrument'
/Users/Derek_Chen/.rvm/gems/ruby-1.9.3-p286/gems/activesupport-3.2.8/lib/active_support/notifications/instrumenter.rb:20:in `instrument'
/Users/Derek_Chen/.rvm/gems/ruby-1.9.3-p286/gems/activesupport-3.2.8/lib/active_support/notifications.rb:123:in `instrument'
/Users/Derek_Chen/.rvm/gems/ruby-1.9.3-p286/gems/actionpack-3.2.8/lib/action_controller/metal/instrumentation.rb:29:in `process_action'
/Users/Derek_Chen/.rvm/gems/ruby-1.9.3-p286/gems/actionpack-3.2.8/lib/action_controller/metal/params_wrapper.rb:207:in `process_action'
/Users/Derek_Chen/.rvm/gems/ruby-1.9.3-p286/gems/activerecord-3.2.8/lib/active_record/railties/controller_runtime.rb:18:in `process_action'
/Users/Derek_Chen/.rvm/gems/ruby-1.9.3-p286/gems/actionpack-3.2.8/lib/abstract_controller/base.rb:121:in `process'
/Users/Derek_Chen/.rvm/gems/ruby-1.9.3-p286/gems/actionpack-3.2.8/lib/abstract_controller/rendering.rb:45:in `process'
/Users/Derek_Chen/.rvm/gems/ruby-1.9.3-p286/gems/actionpack-3.2.8/lib/action_controller/metal.rb:203:in `dispatch'
/Users/Derek_Chen/.rvm/gems/ruby-1.9.3-p286/gems/actionpack-3.2.8/lib/action_controller/metal/rack_delegation.rb:14:in `dispatch'
/Users/Derek_Chen/.rvm/gems/ruby-1.9.3-p286/gems/actionpack-3.2.8/lib/action_controller/metal.rb:246:in `block in action'
/Users/Derek_Chen/.rvm/gems/ruby-1.9.3-p286/gems/actionpack-3.2.8/lib/action_dispatch/routing/route_set.rb:73:in `call'
/Users/Derek_Chen/.rvm/gems/ruby-1.9.3-p286/gems/actionpack-3.2.8/lib/action_dispatch/routing/route_set.rb:73:in `dispatch'
/Users/Derek_Chen/.rvm/gems/ruby-1.9.3-p286/gems/actionpack-3.2.8/lib/action_dispatch/routing/route_set.rb:36:in `call'
/Users/Derek_Chen/.rvm/gems/ruby-1.9.3-p286/gems/journey-1.0.4/lib/journey/router.rb:68:in `block in call'
/Users/Derek_Chen/.rvm/gems/ruby-1.9.3-p286/gems/journey-1.0.4/lib/journey/router.rb:56:in `each'
/Users/Derek_Chen/.rvm/gems/ruby-1.9.3-p286/gems/journey-1.0.4/lib/journey/router.rb:56:in `call'
/Users/Derek_Chen/.rvm/gems/ruby-1.9.3-p286/gems/actionpack-3.2.8/lib/action_dispatch/routing/route_set.rb:600:in `call'
/Users/Derek_Chen/.rvm/gems/ruby-1.9.3-p286/gems/actionpack-3.2.8/lib/action_dispatch/middleware/best_standards_support.rb:17:in `call'
/Users/Derek_Chen/.rvm/gems/ruby-1.9.3-p286/gems/rack-1.4.1/lib/rack/etag.rb:23:in `call'
/Users/Derek_Chen/.rvm/gems/ruby-1.9.3-p286/gems/rack-1.4.1/lib/rack/conditionalget.rb:25:in `call'
/Users/Derek_Chen/.rvm/gems/ruby-1.9.3-p286/gems/actionpack-3.2.8/lib/action_dispatch/middleware/head.rb:14:in `call'
/Users/Derek_Chen/.rvm/gems/ruby-1.9.3-p286/gems/actionpack-3.2.8/lib/action_dispatch/middleware/params_parser.rb:21:in `call'
/Users/Derek_Chen/.rvm/gems/ruby-1.9.3-p286/gems/actionpack-3.2.8/lib/action_dispatch/middleware/flash.rb:242:in `call'
/Users/Derek_Chen/.rvm/gems/ruby-1.9.3-p286/gems/rack-1.4.1/lib/rack/session/abstract/id.rb:205:in `context'
/Users/Derek_Chen/.rvm/gems/ruby-1.9.3-p286/gems/rack-1.4.1/lib/rack/session/abstract/id.rb:200:in `call'
/Users/Derek_Chen/.rvm/gems/ruby-1.9.3-p286/gems/actionpack-3.2.8/lib/action_dispatch/middleware/cookies.rb:339:in `call'
/Users/Derek_Chen/.rvm/gems/ruby-1.9.3-p286/gems/activerecord-3.2.8/lib/active_record/query_cache.rb:64:in `call'
/Users/Derek_Chen/.rvm/gems/ruby-1.9.3-p286/gems/activerecord-3.2.8/lib/active_record/connection_adapters/abstract/connection_pool.rb:473:in `call'
/Users/Derek_Chen/.rvm/gems/ruby-1.9.3-p286/gems/actionpack-3.2.8/lib/action_dispatch/middleware/callbacks.rb:28:in `block in call'
/Users/Derek_Chen/.rvm/gems/ruby-1.9.3-p286/gems/activesupport-3.2.8/lib/active_support/callbacks.rb:405:in `_run__969205534831159341__call__2506365515254463536__callbacks'
/Users/Derek_Chen/.rvm/gems/ruby-1.9.3-p286/gems/activesupport-3.2.8/lib/active_support/callbacks.rb:405:in `__run_callback'
/Users/Derek_Chen/.rvm/gems/ruby-1.9.3-p286/gems/activesupport-3.2.8/lib/active_support/callbacks.rb:385:in `_run_call_callbacks'
/Users/Derek_Chen/.rvm/gems/ruby-1.9.3-p286/gems/activesupport-3.2.8/lib/active_support/callbacks.rb:81:in `run_callbacks'
/Users/Derek_Chen/.rvm/gems/ruby-1.9.3-p286/gems/actionpack-3.2.8/lib/action_dispatch/middleware/callbacks.rb:27:in `call'
/Users/Derek_Chen/.rvm/gems/ruby-1.9.3-p286/gems/actionpack-3.2.8/lib/action_dispatch/middleware/reloader.rb:65:in `call'
/Users/Derek_Chen/.rvm/gems/ruby-1.9.3-p286/gems/actionpack-3.2.8/lib/action_dispatch/middleware/remote_ip.rb:31:in `call'
/Users/Derek_Chen/.rvm/gems/ruby-1.9.3-p286/gems/actionpack-3.2.8/lib/action_dispatch/middleware/debug_exceptions.rb:16:in `call'
/Users/Derek_Chen/.rvm/gems/ruby-1.9.3-p286/gems/actionpack-3.2.8/lib/action_dispatch/middleware/show_exceptions.rb:56:in `call'
/Users/Derek_Chen/.rvm/gems/ruby-1.9.3-p286/gems/railties-3.2.8/lib/rails/rack/logger.rb:26:in `call_app'
/Users/Derek_Chen/.rvm/gems/ruby-1.9.3-p286/gems/railties-3.2.8/lib/rails/rack/logger.rb:16:in `call'
/Users/Derek_Chen/.rvm/gems/ruby-1.9.3-p286/gems/actionpack-3.2.8/lib/action_dispatch/middleware/request_id.rb:22:in `call'
/Users/Derek_Chen/.rvm/gems/ruby-1.9.3-p286/gems/rack-1.4.1/lib/rack/methodoverride.rb:21:in `call'
/Users/Derek_Chen/.rvm/gems/ruby-1.9.3-p286/gems/rack-1.4.1/lib/rack/runtime.rb:17:in `call'
/Users/Derek_Chen/.rvm/gems/ruby-1.9.3-p286/gems/activesupport-3.2.8/lib/active_support/cache/strategy/local_cache.rb:72:in `call'
/Users/Derek_Chen/.rvm/gems/ruby-1.9.3-p286/gems/rack-1.4.1/lib/rack/lock.rb:15:in `call'
/Users/Derek_Chen/.rvm/gems/ruby-1.9.3-p286/gems/actionpack-3.2.8/lib/action_dispatch/middleware/static.rb:62:in `call'
/Users/Derek_Chen/.rvm/gems/ruby-1.9.3-p286/gems/railties-3.2.8/lib/rails/engine.rb:479:in `call'
/Users/Derek_Chen/.rvm/gems/ruby-1.9.3-p286/gems/railties-3.2.8/lib/rails/application.rb:223:in `call'
/Users/Derek_Chen/.rvm/gems/ruby-1.9.3-p286/gems/rack-1.4.1/lib/rack/content_length.rb:14:in `call'
/Users/Derek_Chen/.rvm/gems/ruby-1.9.3-p286/gems/railties-3.2.8/lib/rails/rack/log_tailer.rb:17:in `call'
/Users/Derek_Chen/.rvm/gems/ruby-1.9.3-p286/gems/rack-1.4.1/lib/rack/handler/webrick.rb:59:in `service'
/Users/Derek_Chen/.rvm/rubies/ruby-1.9.3-p286/lib/ruby/1.9.1/webrick/httpserver.rb:138:in `service'
/Users/Derek_Chen/.rvm/rubies/ruby-1.9.3-p286/lib/ruby/1.9.1/webrick/httpserver.rb:94:in `run'
/Users/Derek_Chen/.rvm/rubies/ruby-1.9.3-p286/lib/ruby/1.9.1/webrick/server.rb:191:in `block in start_thread'
  Rendered topics/_form.html.erb (86.3ms)
  Rendered topics/new.html.erb within layouts/application (132.5ms)
Completed 500 Internal Server Error in 136ms

ActionView::Template::Error (/Users/Derek_Chen/Desktop/railsbridge/tron/app/views/topics/_form.html.erb:17: syntax error, unexpected '<', expecting ')'
  </div>
   ^
unmatched close parenthesis: /div>
  <div class="field">
    <%= f.label :description );@output_buffer.safe_concat('<br /
/Users/Derek_Chen/Desktop/railsbridge/tron/app/views/topics/_form.html.erb:24: unknown regexp options - dv
unmatched close parenthesis: /div>
  <div class="actions">
    ');@output_buffer.append= ( f.submit );@output_buffer.safe_concat('
');@output_buffer.safe_concat('  </i
/Users/Derek_Chen/Desktop/railsbridge/tron/app/views/topics/_form.html.erb:25: unterminated string meets end of file
/Users/Derek_Chen/Desktop/railsbridge/tron/app/views/topics/_form.html.erb:25: syntax error, unexpected $end, expecting ')'):
    14:   <div class="field">
    15:     <%= f.label :title %><br />
    16:     <%= f.text_field :title 
    17:   </div>
    18:   <div class="field">
    19:     <%= f.label :description %><br />
    20:     <%= f.text_area :description %>
  app/views/topics/new.html.erb:3:in `_app_views_topics_new_html_erb___372325637429057877_2159646800'
  app/controllers/topics_controller.rb:29:in `new'


  Rendered /Users/Derek_Chen/.rvm/gems/ruby-1.9.3-p286/gems/actionpack-3.2.8/lib/action_dispatch/middleware/templates/rescues/_trace.erb (3.1ms)
  Rendered /Users/Derek_Chen/.rvm/gems/ruby-1.9.3-p286/gems/actionpack-3.2.8/lib/action_dispatch/middleware/templates/rescues/_request_and_response.erb (2.0ms)
  Rendered /Users/Derek_Chen/.rvm/gems/ruby-1.9.3-p286/gems/actionpack-3.2.8/lib/action_dispatch/middleware/templates/rescues/template_error.erb within rescues/layout (22.6ms)


Started GET "/topics/new" for 127.0.0.1 at 2012-11-03 15:57:07 -0700
Processing by TopicsController#new as HTML
  Rendered topics/_form.html.erb (12.9ms)
  Rendered topics/new.html.erb within layouts/application (14.3ms)
Completed 200 OK in 24ms (Views: 23.5ms | ActiveRecord: 0.0ms)


Started GET "/assets/application.css?body=1" for 127.0.0.1 at 2012-11-03 15:57:07 -0700
Served asset /application.css - 304 Not Modified (0ms)


Started GET "/assets/jquery_ujs.js?body=1" for 127.0.0.1 at 2012-11-03 15:57:07 -0700
Served asset /jquery_ujs.js - 304 Not Modified (0ms)


Started GET "/assets/topics.css?body=1" for 127.0.0.1 at 2012-11-03 15:57:07 -0700
Served asset /topics.css - 304 Not Modified (0ms)


Started GET "/assets/jquery.js?body=1" for 127.0.0.1 at 2012-11-03 15:57:07 -0700
Served asset /jquery.js - 304 Not Modified (0ms)


Started GET "/assets/scaffolds.css?body=1" for 127.0.0.1 at 2012-11-03 15:57:07 -0700
Served asset /scaffolds.css - 304 Not Modified (0ms)


Started GET "/assets/votes.css?body=1" for 127.0.0.1 at 2012-11-03 15:57:07 -0700
Served asset /votes.css - 304 Not Modified (0ms)


Started GET "/assets/topics.js?body=1" for 127.0.0.1 at 2012-11-03 15:57:07 -0700
Served asset /topics.js - 304 Not Modified (0ms)


Started GET "/assets/votes.js?body=1" for 127.0.0.1 at 2012-11-03 15:57:07 -0700
Served asset /votes.js - 304 Not Modified (0ms)


Started GET "/assets/application.js?body=1" for 127.0.0.1 at 2012-11-03 15:57:07 -0700
Served asset /application.js - 304 Not Modified (0ms)


Started GET "/topics" for 127.0.0.1 at 2012-11-03 15:57:49 -0700
Processing by TopicsController#index as HTML
  [1m[36mTopic Load (0.2ms)[0m  [1mSELECT "topics".* FROM "topics" [0m
  [1m[35mVote Load (0.2ms)[0m  SELECT "votes".* FROM "votes" WHERE "votes"."topic_id" = 1
  [1m[36mVote Load (0.2ms)[0m  [1mSELECT "votes".* FROM "votes" WHERE "votes"."topic_id" = 2[0m
  Rendered topics/index.html.erb within layouts/application (9.7ms)
Completed 200 OK in 21ms (Views: 19.4ms | ActiveRecord: 0.6ms)


Started GET "/assets/scaffolds.css?body=1" for 127.0.0.1 at 2012-11-03 15:57:49 -0700
Served asset /scaffolds.css - 304 Not Modified (0ms)


Started GET "/assets/application.css?body=1" for 127.0.0.1 at 2012-11-03 15:57:50 -0700
Served asset /application.css - 304 Not Modified (0ms)


Started GET "/assets/votes.css?body=1" for 127.0.0.1 at 2012-11-03 15:57:50 -0700
Served asset /votes.css - 304 Not Modified (0ms)


Started GET "/assets/jquery_ujs.js?body=1" for 127.0.0.1 at 2012-11-03 15:57:50 -0700
Served asset /jquery_ujs.js - 304 Not Modified (0ms)


Started GET "/assets/jquery.js?body=1" for 127.0.0.1 at 2012-11-03 15:57:50 -0700
Served asset /jquery.js - 304 Not Modified (0ms)


Started GET "/assets/topics.css?body=1" for 127.0.0.1 at 2012-11-03 15:57:50 -0700
Served asset /topics.css - 304 Not Modified (0ms)


Started GET "/assets/topics.js?body=1" for 127.0.0.1 at 2012-11-03 15:57:50 -0700
Served asset /topics.js - 304 Not Modified (0ms)


Started GET "/assets/votes.js?body=1" for 127.0.0.1 at 2012-11-03 15:57:50 -0700
Served asset /votes.js - 304 Not Modified (0ms)


Started GET "/assets/application.js?body=1" for 127.0.0.1 at 2012-11-03 15:57:50 -0700
Served asset /application.js - 304 Not Modified (0ms)


Started GET "/topics/new" for 127.0.0.1 at 2012-11-03 15:57:51 -0700
Processing by TopicsController#new as HTML
  Rendered topics/_form.html.erb (3.4ms)
  Rendered topics/new.html.erb within layouts/application (4.6ms)
Completed 200 OK in 14ms (Views: 14.0ms | ActiveRecord: 0.0ms)


Started GET "/assets/application.css?body=1" for 127.0.0.1 at 2012-11-03 15:57:51 -0700
Served asset /application.css - 304 Not Modified (0ms)


Started GET "/assets/scaffolds.css?body=1" for 127.0.0.1 at 2012-11-03 15:57:51 -0700
Served asset /scaffolds.css - 304 Not Modified (0ms)


Started GET "/assets/jquery_ujs.js?body=1" for 127.0.0.1 at 2012-11-03 15:57:51 -0700
Served asset /jquery_ujs.js - 304 Not Modified (0ms)


Started GET "/assets/votes.css?body=1" for 127.0.0.1 at 2012-11-03 15:57:51 -0700
Served asset /votes.css - 304 Not Modified (0ms)


Started GET "/assets/topics.css?body=1" for 127.0.0.1 at 2012-11-03 15:57:51 -0700
Served asset /topics.css - 304 Not Modified (0ms)


Started GET "/assets/topics.js?body=1" for 127.0.0.1 at 2012-11-03 15:57:51 -0700
Served asset /topics.js - 304 Not Modified (0ms)


Started GET "/assets/jquery.js?body=1" for 127.0.0.1 at 2012-11-03 15:57:51 -0700
Served asset /jquery.js - 304 Not Modified (0ms)


Started GET "/assets/votes.js?body=1" for 127.0.0.1 at 2012-11-03 15:57:51 -0700
Served asset /votes.js - 304 Not Modified (0ms)


Started GET "/assets/application.js?body=1" for 127.0.0.1 at 2012-11-03 15:57:51 -0700
Served asset /application.js - 304 Not Modified (0ms)


Started GET "/topics" for 127.0.0.1 at 2012-11-03 15:57:54 -0700
Processing by TopicsController#index as HTML
  [1m[35mTopic Load (0.2ms)[0m  SELECT "topics".* FROM "topics" 
  [1m[36mVote Load (0.3ms)[0m  [1mSELECT "votes".* FROM "votes" WHERE "votes"."topic_id" = 1[0m
  [1m[35mVote Load (0.2ms)[0m  SELECT "votes".* FROM "votes" WHERE "votes"."topic_id" = 2
  Rendered topics/index.html.erb within layouts/application (10.4ms)
Completed 200 OK in 23ms (Views: 21.2ms | ActiveRecord: 0.7ms)


Started GET "/assets/votes.css?body=1" for 127.0.0.1 at 2012-11-03 15:57:54 -0700
Served asset /votes.css - 304 Not Modified (0ms)


Started GET "/assets/topics.css?body=1" for 127.0.0.1 at 2012-11-03 15:57:54 -0700
Served asset /topics.css - 304 Not Modified (0ms)


Started GET "/assets/scaffolds.css?body=1" for 127.0.0.1 at 2012-11-03 15:57:54 -0700
Served asset /scaffolds.css - 304 Not Modified (0ms)


Started GET "/assets/jquery.js?body=1" for 127.0.0.1 at 2012-11-03 15:57:54 -0700
Served asset /jquery.js - 304 Not Modified (0ms)


Started GET "/assets/application.css?body=1" for 127.0.0.1 at 2012-11-03 15:57:54 -0700
Served asset /application.css - 304 Not Modified (0ms)


Started GET "/assets/jquery_ujs.js?body=1" for 127.0.0.1 at 2012-11-03 15:57:54 -0700
Served asset /jquery_ujs.js - 304 Not Modified (0ms)


Started GET "/assets/topics.js?body=1" for 127.0.0.1 at 2012-11-03 15:57:54 -0700
Served asset /topics.js - 304 Not Modified (0ms)


Started GET "/assets/votes.js?body=1" for 127.0.0.1 at 2012-11-03 15:57:54 -0700
Served asset /votes.js - 304 Not Modified (0ms)


Started GET "/assets/application.js?body=1" for 127.0.0.1 at 2012-11-03 15:57:55 -0700
Served asset /application.js - 304 Not Modified (0ms)


Started GET "/topics/new" for 127.0.0.1 at 2012-11-03 15:58:07 -0700
Processing by TopicsController#new as HTML
  Rendered topics/_form.html.erb (3.4ms)
  Rendered topics/new.html.erb within layouts/application (4.6ms)
Completed 200 OK in 14ms (Views: 13.7ms | ActiveRecord: 0.0ms)


Started GET "/assets/application.css?body=1" for 127.0.0.1 at 2012-11-03 15:58:08 -0700
Served asset /application.css - 304 Not Modified (0ms)


Started GET "/assets/topics.css?body=1" for 127.0.0.1 at 2012-11-03 15:58:08 -0700
Served asset /topics.css - 304 Not Modified (0ms)


Started GET "/assets/topics.js?body=1" for 127.0.0.1 at 2012-11-03 15:58:08 -0700
Served asset /topics.js - 304 Not Modified (0ms)


Started GET "/assets/votes.css?body=1" for 127.0.0.1 at 2012-11-03 15:58:08 -0700
Served asset /votes.css - 304 Not Modified (0ms)


Started GET "/assets/jquery.js?body=1" for 127.0.0.1 at 2012-11-03 15:58:08 -0700
Served asset /jquery.js - 304 Not Modified (0ms)


Started GET "/assets/jquery_ujs.js?body=1" for 127.0.0.1 at 2012-11-03 15:58:08 -0700
Served asset /jquery_ujs.js - 304 Not Modified (0ms)


Started GET "/assets/scaffolds.css?body=1" for 127.0.0.1 at 2012-11-03 15:58:08 -0700
Served asset /scaffolds.css - 304 Not Modified (0ms)


Started GET "/assets/votes.js?body=1" for 127.0.0.1 at 2012-11-03 15:58:08 -0700
Served asset /votes.js - 304 Not Modified (0ms)


Started GET "/assets/application.js?body=1" for 127.0.0.1 at 2012-11-03 15:58:08 -0700
Served asset /application.js - 304 Not Modified (0ms)


Started POST "/topics" for 127.0.0.1 at 2012-11-03 15:58:17 -0700
Processing by TopicsController#create as HTML
  Parameters: {"utf8"=>"✓", "authenticity_token"=>"PPAL/lfsJ8LZl8rOSA9kiITtK6Vq5ZRhzVB9UwDbQYo=", "topic"=>{"title"=>"Third Topic", "description"=>"Something Txet"}, "commit"=>"Create Topic"}
  [1m[36m (0.1ms)[0m  [1mbegin transaction[0m
  [1m[35mSQL (0.7ms)[0m  INSERT INTO "topics" ("created_at", "description", "title", "updated_at") VALUES (?, ?, ?, ?)  [["created_at", Sat, 03 Nov 2012 22:58:17 UTC +00:00], ["description", "Something Txet"], ["title", "Third Topic"], ["updated_at", Sat, 03 Nov 2012 22:58:17 UTC +00:00]]
  [1m[36m (2.6ms)[0m  [1mcommit transaction[0m
Redirected to http://0.0.0.0:3000/topics
Completed 302 Found in 10ms (ActiveRecord: 3.5ms)


Started GET "/topics" for 127.0.0.1 at 2012-11-03 15:58:17 -0700
Processing by TopicsController#index as HTML
  [1m[35mTopic Load (0.2ms)[0m  SELECT "topics".* FROM "topics" 
  [1m[36mVote Load (0.2ms)[0m  [1mSELECT "votes".* FROM "votes" WHERE "votes"."topic_id" = 1[0m
  [1m[35mVote Load (0.2ms)[0m  SELECT "votes".* FROM "votes" WHERE "votes"."topic_id" = 2
  [1m[36mVote Load (0.2ms)[0m  [1mSELECT "votes".* FROM "votes" WHERE "votes"."topic_id" = 3[0m
  Rendered topics/index.html.erb within layouts/application (13.7ms)
Completed 200 OK in 26ms (Views: 23.5ms | ActiveRecord: 0.8ms)


Started GET "/assets/application.css?body=1" for 127.0.0.1 at 2012-11-03 15:58:17 -0700
Served asset /application.css - 304 Not Modified (0ms)


Started GET "/assets/scaffolds.css?body=1" for 127.0.0.1 at 2012-11-03 15:58:17 -0700
Served asset /scaffolds.css - 304 Not Modified (0ms)


Started GET "/assets/topics.css?body=1" for 127.0.0.1 at 2012-11-03 15:58:17 -0700
Served asset /topics.css - 304 Not Modified (0ms)


Started GET "/assets/jquery_ujs.js?body=1" for 127.0.0.1 at 2012-11-03 15:58:17 -0700
Served asset /jquery_ujs.js - 304 Not Modified (0ms)


Started GET "/assets/topics.js?body=1" for 127.0.0.1 at 2012-11-03 15:58:17 -0700
Served asset /topics.js - 304 Not Modified (0ms)


Started GET "/assets/jquery.js?body=1" for 127.0.0.1 at 2012-11-03 15:58:17 -0700
Served asset /jquery.js - 304 Not Modified (0ms)


Started GET "/assets/votes.css?body=1" for 127.0.0.1 at 2012-11-03 15:58:17 -0700
Served asset /votes.css - 304 Not Modified (0ms)


Started GET "/assets/votes.js?body=1" for 127.0.0.1 at 2012-11-03 15:58:17 -0700
Served asset /votes.js - 304 Not Modified (0ms)


Started GET "/assets/application.js?body=1" for 127.0.0.1 at 2012-11-03 15:58:17 -0700
Served asset /application.js - 304 Not Modified (0ms)


Started GET "/topics" for 127.0.0.1 at 2012-11-03 16:05:32 -0700
Processing by TopicsController#index as HTML
  [1m[35mTopic Load (1.1ms)[0m  SELECT "topics".* FROM "topics" 
  [1m[36mVote Load (0.3ms)[0m  [1mSELECT "votes".* FROM "votes" WHERE "votes"."topic_id" = 1[0m
  [1m[35mVote Load (0.2ms)[0m  SELECT "votes".* FROM "votes" WHERE "votes"."topic_id" = 2
  [1m[36mVote Load (0.2ms)[0m  [1mSELECT "votes".* FROM "votes" WHERE "votes"."topic_id" = 3[0m
  Rendered topics/index.html.erb within layouts/application (20.8ms)
Completed 200 OK in 35ms (Views: 31.5ms | ActiveRecord: 1.9ms)


Started GET "/assets/application.css?body=1" for 127.0.0.1 at 2012-11-03 16:05:32 -0700
Served asset /application.css - 304 Not Modified (0ms)


Started GET "/assets/scaffolds.css?body=1" for 127.0.0.1 at 2012-11-03 16:05:32 -0700
Served asset /scaffolds.css - 304 Not Modified (0ms)


Started GET "/assets/jquery.js?body=1" for 127.0.0.1 at 2012-11-03 16:05:32 -0700
Served asset /jquery.js - 304 Not Modified (0ms)


Started GET "/assets/topics.css?body=1" for 127.0.0.1 at 2012-11-03 16:05:32 -0700
Served asset /topics.css - 304 Not Modified (0ms)


Started GET "/assets/votes.css?body=1" for 127.0.0.1 at 2012-11-03 16:05:32 -0700
Served asset /votes.css - 304 Not Modified (0ms)


Started GET "/assets/jquery_ujs.js?body=1" for 127.0.0.1 at 2012-11-03 16:05:32 -0700
Served asset /jquery_ujs.js - 304 Not Modified (0ms)


Started GET "/assets/topics.js?body=1" for 127.0.0.1 at 2012-11-03 16:05:32 -0700
Served asset /topics.js - 304 Not Modified (0ms)


Started GET "/assets/votes.js?body=1" for 127.0.0.1 at 2012-11-03 16:05:32 -0700
Served asset /votes.js - 304 Not Modified (0ms)


Started GET "/assets/application.js?body=1" for 127.0.0.1 at 2012-11-03 16:05:32 -0700
Served asset /application.js - 304 Not Modified (0ms)


Started GET "/topics" for 127.0.0.1 at 2012-11-03 16:06:30 -0700
Processing by TopicsController#index as HTML
  [1m[35mTopic Load (0.2ms)[0m  SELECT "topics".* FROM "topics" 
  [1m[36mVote Load (0.2ms)[0m  [1mSELECT "votes".* FROM "votes" WHERE "votes"."topic_id" = 1[0m
  [1m[35mVote Load (0.2ms)[0m  SELECT "votes".* FROM "votes" WHERE "votes"."topic_id" = 2
  [1m[36mVote Load (0.2ms)[0m  [1mSELECT "votes".* FROM "votes" WHERE "votes"."topic_id" = 3[0m
  Rendered topics/index.html.erb within layouts/application (17.2ms)
Completed 200 OK in 31ms (Views: 28.5ms | ActiveRecord: 0.8ms)


Started GET "/assets/scaffolds.css?body=1" for 127.0.0.1 at 2012-11-03 16:06:30 -0700
Served asset /scaffolds.css - 304 Not Modified (0ms)


Started GET "/assets/votes.css?body=1" for 127.0.0.1 at 2012-11-03 16:06:30 -0700
Served asset /votes.css - 304 Not Modified (0ms)


Started GET "/assets/topics.css?body=1" for 127.0.0.1 at 2012-11-03 16:06:30 -0700
Served asset /topics.css - 304 Not Modified (0ms)


Started GET "/assets/application.css?body=1" for 127.0.0.1 at 2012-11-03 16:06:30 -0700
Served asset /application.css - 304 Not Modified (0ms)


Started GET "/assets/jquery.js?body=1" for 127.0.0.1 at 2012-11-03 16:06:30 -0700
Served asset /jquery.js - 304 Not Modified (0ms)


Started GET "/assets/topics.js?body=1" for 127.0.0.1 at 2012-11-03 16:06:30 -0700
Served asset /topics.js - 304 Not Modified (0ms)


Started GET "/assets/jquery_ujs.js?body=1" for 127.0.0.1 at 2012-11-03 16:06:30 -0700
Served asset /jquery_ujs.js - 304 Not Modified (0ms)


Started GET "/assets/votes.js?body=1" for 127.0.0.1 at 2012-11-03 16:06:30 -0700
Served asset /votes.js - 304 Not Modified (0ms)


Started GET "/assets/application.js?body=1" for 127.0.0.1 at 2012-11-03 16:06:30 -0700
Served asset /application.js - 304 Not Modified (0ms)


Started GET "/topics/1" for 127.0.0.1 at 2012-11-03 16:06:32 -0700
Processing by TopicsController#show as HTML
  Parameters: {"id"=>"1"}
  [1m[35mTopic Load (0.2ms)[0m  SELECT "topics".* FROM "topics" WHERE "topics"."id" = ? LIMIT 1  [["id", "1"]]
  Rendered topics/show.html.erb within layouts/application (1.9ms)
Completed 200 OK in 15ms (Views: 12.5ms | ActiveRecord: 0.2ms)


Started GET "/assets/application.css?body=1" for 127.0.0.1 at 2012-11-03 16:06:32 -0700
Served asset /application.css - 304 Not Modified (0ms)


Started GET "/assets/topics.css?body=1" for 127.0.0.1 at 2012-11-03 16:06:32 -0700
Served asset /topics.css - 304 Not Modified (0ms)


Started GET "/assets/votes.css?body=1" for 127.0.0.1 at 2012-11-03 16:06:32 -0700
Served asset /votes.css - 304 Not Modified (0ms)


Started GET "/assets/topics.js?body=1" for 127.0.0.1 at 2012-11-03 16:06:32 -0700
Served asset /topics.js - 304 Not Modified (0ms)


Started GET "/assets/jquery.js?body=1" for 127.0.0.1 at 2012-11-03 16:06:32 -0700
Served asset /jquery.js - 304 Not Modified (0ms)


Started GET "/assets/scaffolds.css?body=1" for 127.0.0.1 at 2012-11-03 16:06:32 -0700
Served asset /scaffolds.css - 304 Not Modified (0ms)


Started GET "/assets/jquery_ujs.js?body=1" for 127.0.0.1 at 2012-11-03 16:06:32 -0700
Served asset /jquery_ujs.js - 304 Not Modified (0ms)


Started GET "/assets/application.js?body=1" for 127.0.0.1 at 2012-11-03 16:06:32 -0700
Served asset /application.js - 304 Not Modified (0ms)


Started GET "/assets/votes.js?body=1" for 127.0.0.1 at 2012-11-03 16:06:32 -0700
Served asset /votes.js - 304 Not Modified (0ms)


Started GET "/topics" for 127.0.0.1 at 2012-11-03 16:07:38 -0700
Processing by TopicsController#index as HTML
  [1m[36mTopic Load (0.2ms)[0m  [1mSELECT "topics".* FROM "topics" [0m
  [1m[35mVote Load (0.2ms)[0m  SELECT "votes".* FROM "votes" WHERE "votes"."topic_id" = 1
  [1m[36mVote Load (0.2ms)[0m  [1mSELECT "votes".* FROM "votes" WHERE "votes"."topic_id" = 2[0m
  [1m[35mVote Load (0.2ms)[0m  SELECT "votes".* FROM "votes" WHERE "votes"."topic_id" = 3
  Rendered topics/index.html.erb within layouts/application (15.2ms)
Completed 200 OK in 28ms (Views: 25.5ms | ActiveRecord: 0.9ms)


Started GET "/assets/topics.css?body=1" for 127.0.0.1 at 2012-11-03 16:07:38 -0700
Served asset /topics.css - 304 Not Modified (0ms)


Started GET "/assets/votes.css?body=1" for 127.0.0.1 at 2012-11-03 16:07:38 -0700
Served asset /votes.css - 304 Not Modified (0ms)


Started GET "/assets/jquery.js?body=1" for 127.0.0.1 at 2012-11-03 16:07:38 -0700
Served asset /jquery.js - 304 Not Modified (0ms)


Started GET "/assets/scaffolds.css?body=1" for 127.0.0.1 at 2012-11-03 16:07:38 -0700
Served asset /scaffolds.css - 304 Not Modified (0ms)


Started GET "/assets/application.css?body=1" for 127.0.0.1 at 2012-11-03 16:07:38 -0700
Served asset /application.css - 304 Not Modified (0ms)


Started GET "/assets/topics.js?body=1" for 127.0.0.1 at 2012-11-03 16:07:38 -0700
Served asset /topics.js - 304 Not Modified (0ms)


Started GET "/assets/jquery_ujs.js?body=1" for 127.0.0.1 at 2012-11-03 16:07:38 -0700
Served asset /jquery_ujs.js - 304 Not Modified (0ms)


Started GET "/assets/votes.js?body=1" for 127.0.0.1 at 2012-11-03 16:07:38 -0700
Served asset /votes.js - 304 Not Modified (0ms)


Started GET "/assets/application.js?body=1" for 127.0.0.1 at 2012-11-03 16:07:38 -0700
Served asset /application.js - 304 Not Modified (0ms)


Started GET "/www.google.com" for 127.0.0.1 at 2012-11-03 16:07:41 -0700

ActionController::RoutingError (No route matches [GET] "/www.google.com"):
  actionpack (3.2.8) lib/action_dispatch/middleware/debug_exceptions.rb:21:in `call'
  actionpack (3.2.8) lib/action_dispatch/middleware/show_exceptions.rb:56:in `call'
  railties (3.2.8) lib/rails/rack/logger.rb:26:in `call_app'
  railties (3.2.8) lib/rails/rack/logger.rb:16:in `call'
  actionpack (3.2.8) lib/action_dispatch/middleware/request_id.rb:22:in `call'
  rack (1.4.1) lib/rack/methodoverride.rb:21:in `call'
  rack (1.4.1) lib/rack/runtime.rb:17:in `call'
  activesupport (3.2.8) lib/active_support/cache/strategy/local_cache.rb:72:in `call'
  rack (1.4.1) lib/rack/lock.rb:15:in `call'
  actionpack (3.2.8) lib/action_dispatch/middleware/static.rb:62:in `call'
  railties (3.2.8) lib/rails/engine.rb:479:in `call'
  railties (3.2.8) lib/rails/application.rb:223:in `call'
  rack (1.4.1) lib/rack/content_length.rb:14:in `call'
  railties (3.2.8) lib/rails/rack/log_tailer.rb:17:in `call'
  rack (1.4.1) lib/rack/handler/webrick.rb:59:in `service'
  /Users/Derek_Chen/.rvm/rubies/ruby-1.9.3-p286/lib/ruby/1.9.1/webrick/httpserver.rb:138:in `service'
  /Users/Derek_Chen/.rvm/rubies/ruby-1.9.3-p286/lib/ruby/1.9.1/webrick/httpserver.rb:94:in `run'
  /Users/Derek_Chen/.rvm/rubies/ruby-1.9.3-p286/lib/ruby/1.9.1/webrick/server.rb:191:in `block in start_thread'


  Rendered /Users/Derek_Chen/.rvm/gems/ruby-1.9.3-p286/gems/actionpack-3.2.8/lib/action_dispatch/middleware/templates/rescues/routing_error.erb within rescues/layout (1.5ms)


Started GET "/www.google.com" for 127.0.0.1 at 2012-11-03 16:07:50 -0700

ActionController::RoutingError (No route matches [GET] "/www.google.com"):
  actionpack (3.2.8) lib/action_dispatch/middleware/debug_exceptions.rb:21:in `call'
  actionpack (3.2.8) lib/action_dispatch/middleware/show_exceptions.rb:56:in `call'
  railties (3.2.8) lib/rails/rack/logger.rb:26:in `call_app'
  railties (3.2.8) lib/rails/rack/logger.rb:16:in `call'
  actionpack (3.2.8) lib/action_dispatch/middleware/request_id.rb:22:in `call'
  rack (1.4.1) lib/rack/methodoverride.rb:21:in `call'
  rack (1.4.1) lib/rack/runtime.rb:17:in `call'
  activesupport (3.2.8) lib/active_support/cache/strategy/local_cache.rb:72:in `call'
  rack (1.4.1) lib/rack/lock.rb:15:in `call'
  actionpack (3.2.8) lib/action_dispatch/middleware/static.rb:62:in `call'
  railties (3.2.8) lib/rails/engine.rb:479:in `call'
  railties (3.2.8) lib/rails/application.rb:223:in `call'
  rack (1.4.1) lib/rack/content_length.rb:14:in `call'
  railties (3.2.8) lib/rails/rack/log_tailer.rb:17:in `call'
  rack (1.4.1) lib/rack/handler/webrick.rb:59:in `service'
  /Users/Derek_Chen/.rvm/rubies/ruby-1.9.3-p286/lib/ruby/1.9.1/webrick/httpserver.rb:138:in `service'
  /Users/Derek_Chen/.rvm/rubies/ruby-1.9.3-p286/lib/ruby/1.9.1/webrick/httpserver.rb:94:in `run'
  /Users/Derek_Chen/.rvm/rubies/ruby-1.9.3-p286/lib/ruby/1.9.1/webrick/server.rb:191:in `block in start_thread'


  Rendered /Users/Derek_Chen/.rvm/gems/ruby-1.9.3-p286/gems/actionpack-3.2.8/lib/action_dispatch/middleware/templates/rescues/routing_error.erb within rescues/layout (1.0ms)


Started GET "/topics" for 127.0.0.1 at 2012-11-03 16:07:57 -0700
Processing by TopicsController#index as HTML
  [1m[36mTopic Load (1.3ms)[0m  [1mSELECT "topics".* FROM "topics" [0m
  [1m[35mVote Load (0.2ms)[0m  SELECT "votes".* FROM "votes" WHERE "votes"."topic_id" = 1
  [1m[36mVote Load (0.2ms)[0m  [1mSELECT "votes".* FROM "votes" WHERE "votes"."topic_id" = 2[0m
  [1m[35mVote Load (0.2ms)[0m  SELECT "votes".* FROM "votes" WHERE "votes"."topic_id" = 3
  Rendered topics/index.html.erb within layouts/application (14.7ms)
Completed 200 OK in 29ms (Views: 24.7ms | ActiveRecord: 1.9ms)


Started GET "/assets/topics.css?body=1" for 127.0.0.1 at 2012-11-03 16:07:57 -0700
Served asset /topics.css - 304 Not Modified (0ms)


Started GET "/assets/scaffolds.css?body=1" for 127.0.0.1 at 2012-11-03 16:07:57 -0700
Served asset /scaffolds.css - 304 Not Modified (0ms)


Started GET "/assets/votes.css?body=1" for 127.0.0.1 at 2012-11-03 16:07:57 -0700
Served asset /votes.css - 304 Not Modified (0ms)


Started GET "/assets/jquery.js?body=1" for 127.0.0.1 at 2012-11-03 16:07:57 -0700
Served asset /jquery.js - 304 Not Modified (0ms)


Started GET "/assets/jquery_ujs.js?body=1" for 127.0.0.1 at 2012-11-03 16:07:57 -0700
Served asset /jquery_ujs.js - 304 Not Modified (0ms)


Started GET "/assets/topics.js?body=1" for 127.0.0.1 at 2012-11-03 16:07:57 -0700
Served asset /topics.js - 304 Not Modified (0ms)


Started GET "/assets/application.js?body=1" for 127.0.0.1 at 2012-11-03 16:07:57 -0700
Served asset /application.js - 304 Not Modified (0ms)


Started GET "/assets/votes.js?body=1" for 127.0.0.1 at 2012-11-03 16:07:57 -0700
Served asset /votes.js - 304 Not Modified (0ms)


Started GET "/assets/application.css?body=1" for 127.0.0.1 at 2012-11-03 16:07:57 -0700
Served asset /application.css - 304 Not Modified (0ms)


Started GET "/topics" for 127.0.0.1 at 2012-11-03 16:07:59 -0700
Processing by TopicsController#index as HTML
  [1m[36mTopic Load (0.2ms)[0m  [1mSELECT "topics".* FROM "topics" [0m
  [1m[35mVote Load (0.3ms)[0m  SELECT "votes".* FROM "votes" WHERE "votes"."topic_id" = 1
  [1m[36mVote Load (0.2ms)[0m  [1mSELECT "votes".* FROM "votes" WHERE "votes"."topic_id" = 2[0m
  [1m[35mVote Load (0.1ms)[0m  SELECT "votes".* FROM "votes" WHERE "votes"."topic_id" = 3
  Rendered topics/index.html.erb within layouts/application (13.4ms)
Completed 200 OK in 26ms (Views: 23.9ms | ActiveRecord: 0.8ms)


Started GET "/assets/topics.css?body=1" for 127.0.0.1 at 2012-11-03 16:07:59 -0700
Served asset /topics.css - 304 Not Modified (0ms)


Started GET "/assets/application.css?body=1" for 127.0.0.1 at 2012-11-03 16:07:59 -0700
Served asset /application.css - 304 Not Modified (0ms)


Started GET "/assets/votes.css?body=1" for 127.0.0.1 at 2012-11-03 16:07:59 -0700
Served asset /votes.css - 304 Not Modified (0ms)


Started GET "/assets/jquery.js?body=1" for 127.0.0.1 at 2012-11-03 16:07:59 -0700
Served asset /jquery.js - 304 Not Modified (0ms)


Started GET "/assets/jquery_ujs.js?body=1" for 127.0.0.1 at 2012-11-03 16:07:59 -0700
Served asset /jquery_ujs.js - 304 Not Modified (0ms)


Started GET "/assets/scaffolds.css?body=1" for 127.0.0.1 at 2012-11-03 16:07:59 -0700
Served asset /scaffolds.css - 304 Not Modified (0ms)


Started GET "/assets/topics.js?body=1" for 127.0.0.1 at 2012-11-03 16:07:59 -0700
Served asset /topics.js - 304 Not Modified (0ms)


Started GET "/assets/votes.js?body=1" for 127.0.0.1 at 2012-11-03 16:07:59 -0700
Served asset /votes.js - 304 Not Modified (0ms)


Started GET "/assets/application.js?body=1" for 127.0.0.1 at 2012-11-03 16:07:59 -0700
Served asset /application.js - 304 Not Modified (0ms)


Started GET "/topics" for 127.0.0.1 at 2012-11-03 16:08:52 -0700
Processing by TopicsController#index as HTML
  [1m[36mTopic Load (0.2ms)[0m  [1mSELECT "topics".* FROM "topics" [0m
  [1m[35mVote Load (0.2ms)[0m  SELECT "votes".* FROM "votes" WHERE "votes"."topic_id" = 1
  [1m[36mVote Load (0.2ms)[0m  [1mSELECT "votes".* FROM "votes" WHERE "votes"."topic_id" = 2[0m
  [1m[35mVote Load (0.2ms)[0m  SELECT "votes".* FROM "votes" WHERE "votes"."topic_id" = 3
  Rendered topics/index.html.erb within layouts/application (17.1ms)
Completed 200 OK in 31ms (Views: 28.3ms | ActiveRecord: 0.8ms)


Started GET "/assets/application.css?body=1" for 127.0.0.1 at 2012-11-03 16:08:52 -0700
Served asset /application.css - 304 Not Modified (0ms)


Started GET "/assets/votes.css?body=1" for 127.0.0.1 at 2012-11-03 16:08:52 -0700
Served asset /votes.css - 304 Not Modified (0ms)


Started GET "/assets/topics.css?body=1" for 127.0.0.1 at 2012-11-03 16:08:52 -0700
Served asset /topics.css - 304 Not Modified (0ms)


Started GET "/assets/scaffolds.css?body=1" for 127.0.0.1 at 2012-11-03 16:08:52 -0700
Served asset /scaffolds.css - 304 Not Modified (0ms)


Started GET "/assets/jquery.js?body=1" for 127.0.0.1 at 2012-11-03 16:08:52 -0700
Served asset /jquery.js - 304 Not Modified (0ms)


Started GET "/assets/topics.js?body=1" for 127.0.0.1 at 2012-11-03 16:08:52 -0700
Served asset /topics.js - 304 Not Modified (0ms)


Started GET "/assets/jquery_ujs.js?body=1" for 127.0.0.1 at 2012-11-03 16:08:52 -0700
Served asset /jquery_ujs.js - 304 Not Modified (0ms)


Started GET "/assets/votes.js?body=1" for 127.0.0.1 at 2012-11-03 16:08:52 -0700
Served asset /votes.js - 304 Not Modified (0ms)


Started GET "/assets/application.js?body=1" for 127.0.0.1 at 2012-11-03 16:08:52 -0700
Served asset /application.js - 304 Not Modified (0ms)


Started GET "/topics/1" for 127.0.0.1 at 2012-11-03 16:08:56 -0700
Processing by TopicsController#show as HTML
  Parameters: {"id"=>"1"}
  [1m[36mTopic Load (0.1ms)[0m  [1mSELECT "topics".* FROM "topics" WHERE "topics"."id" = ? LIMIT 1[0m  [["id", "1"]]
  Rendered topics/show.html.erb within layouts/application (1.2ms)
Completed 200 OK in 13ms (Views: 11.4ms | ActiveRecord: 0.1ms)


Started GET "/assets/application.css?body=1" for 127.0.0.1 at 2012-11-03 16:08:56 -0700
Served asset /application.css - 304 Not Modified (0ms)


Started GET "/assets/scaffolds.css?body=1" for 127.0.0.1 at 2012-11-03 16:08:56 -0700
Served asset /scaffolds.css - 304 Not Modified (0ms)


Started GET "/assets/votes.css?body=1" for 127.0.0.1 at 2012-11-03 16:08:56 -0700
Served asset /votes.css - 304 Not Modified (0ms)


Started GET "/assets/topics.css?body=1" for 127.0.0.1 at 2012-11-03 16:08:56 -0700
Served asset /topics.css - 304 Not Modified (0ms)


Started GET "/assets/topics.js?body=1" for 127.0.0.1 at 2012-11-03 16:08:56 -0700
Served asset /topics.js - 304 Not Modified (0ms)


Started GET "/assets/jquery.js?body=1" for 127.0.0.1 at 2012-11-03 16:08:56 -0700
Served asset /jquery.js - 304 Not Modified (0ms)


Started GET "/assets/jquery_ujs.js?body=1" for 127.0.0.1 at 2012-11-03 16:08:56 -0700
Served asset /jquery_ujs.js - 304 Not Modified (0ms)


Started GET "/assets/votes.js?body=1" for 127.0.0.1 at 2012-11-03 16:08:56 -0700
Served asset /votes.js - 304 Not Modified (0ms)


Started GET "/assets/application.js?body=1" for 127.0.0.1 at 2012-11-03 16:08:57 -0700
Served asset /application.js - 304 Not Modified (0ms)


Started GET "/topics" for 127.0.0.1 at 2012-11-03 16:10:16 -0700
Processing by TopicsController#index as HTML
  [1m[35mTopic Load (0.2ms)[0m  SELECT "topics".* FROM "topics" 
  [1m[36mVote Load (0.2ms)[0m  [1mSELECT "votes".* FROM "votes" WHERE "votes"."topic_id" = 1[0m
  [1m[35mVote Load (0.2ms)[0m  SELECT "votes".* FROM "votes" WHERE "votes"."topic_id" = 2
  [1m[36mVote Load (0.1ms)[0m  [1mSELECT "votes".* FROM "votes" WHERE "votes"."topic_id" = 3[0m
  Rendered topics/index.html.erb within layouts/application (13.0ms)
Completed 200 OK in 25ms (Views: 23.1ms | ActiveRecord: 0.7ms)


Started GET "/assets/application.css?body=1" for 127.0.0.1 at 2012-11-03 16:10:16 -0700
Served asset /application.css - 304 Not Modified (0ms)


Started GET "/assets/jquery.js?body=1" for 127.0.0.1 at 2012-11-03 16:10:16 -0700
Served asset /jquery.js - 304 Not Modified (0ms)


Started GET "/assets/votes.css?body=1" for 127.0.0.1 at 2012-11-03 16:10:16 -0700
Served asset /votes.css - 304 Not Modified (0ms)


Started GET "/assets/scaffolds.css?body=1" for 127.0.0.1 at 2012-11-03 16:10:16 -0700
Served asset /scaffolds.css - 304 Not Modified (0ms)


Started GET "/assets/topics.css?body=1" for 127.0.0.1 at 2012-11-03 16:10:16 -0700
Served asset /topics.css - 304 Not Modified (0ms)


Started GET "/assets/jquery_ujs.js?body=1" for 127.0.0.1 at 2012-11-03 16:10:16 -0700
Served asset /jquery_ujs.js - 304 Not Modified (0ms)


Started GET "/assets/votes.js?body=1" for 127.0.0.1 at 2012-11-03 16:10:16 -0700
Served asset /votes.js - 304 Not Modified (0ms)


Started GET "/assets/topics.js?body=1" for 127.0.0.1 at 2012-11-03 16:10:16 -0700
Served asset /topics.js - 304 Not Modified (0ms)


Started GET "/assets/application.js?body=1" for 127.0.0.1 at 2012-11-03 16:10:16 -0700
Served asset /application.js - 304 Not Modified (0ms)


Started GET "/topics" for 127.0.0.1 at 2012-11-03 16:10:36 -0700
Processing by TopicsController#index as HTML
  [1m[35mTopic Load (0.2ms)[0m  SELECT "topics".* FROM "topics" 
  [1m[36mVote Load (0.2ms)[0m  [1mSELECT "votes".* FROM "votes" WHERE "votes"."topic_id" = 1[0m
  [1m[35mVote Load (0.2ms)[0m  SELECT "votes".* FROM "votes" WHERE "votes"."topic_id" = 2
  [1m[36mVote Load (0.1ms)[0m  [1mSELECT "votes".* FROM "votes" WHERE "votes"."topic_id" = 3[0m
  Rendered topics/index.html.erb within layouts/application (13.6ms)
Completed 200 OK in 27ms (Views: 24.4ms | ActiveRecord: 0.8ms)


Started GET "/assets/application.css?body=1" for 127.0.0.1 at 2012-11-03 16:10:36 -0700
Served asset /application.css - 304 Not Modified (0ms)


Started GET "/assets/votes.css?body=1" for 127.0.0.1 at 2012-11-03 16:10:36 -0700
Served asset /votes.css - 304 Not Modified (0ms)


Started GET "/assets/scaffolds.css?body=1" for 127.0.0.1 at 2012-11-03 16:10:36 -0700
Served asset /scaffolds.css - 304 Not Modified (0ms)


Started GET "/assets/topics.css?body=1" for 127.0.0.1 at 2012-11-03 16:10:36 -0700
Served asset /topics.css - 304 Not Modified (0ms)


Started GET "/assets/jquery.js?body=1" for 127.0.0.1 at 2012-11-03 16:10:36 -0700
Served asset /jquery.js - 304 Not Modified (0ms)


Started GET "/assets/jquery_ujs.js?body=1" for 127.0.0.1 at 2012-11-03 16:10:36 -0700
Served asset /jquery_ujs.js - 304 Not Modified (0ms)


Started GET "/assets/topics.js?body=1" for 127.0.0.1 at 2012-11-03 16:10:36 -0700
Served asset /topics.js - 304 Not Modified (0ms)


Started GET "/assets/votes.js?body=1" for 127.0.0.1 at 2012-11-03 16:10:36 -0700
Served asset /votes.js - 304 Not Modified (0ms)


Started GET "/assets/application.js?body=1" for 127.0.0.1 at 2012-11-03 16:10:36 -0700
Served asset /application.js - 304 Not Modified (0ms)
